
<!DOCTYPE html>
<html>


<head>
	<meta charset='UTF-8' /> 
	<meta name='description' content='' />
	<meta name='robots' content='noodp, noydir' />
	<meta name='viewport' content='width=device-width, initial-scale=1' />
	<meta id="timeStampFormat" name="timeStampFormat" content='MMM d, yyyy hh:mm:ss a'/>
	
	<link href='https://fonts.googleapis.com/css?family=Source+Sans+Pro:400,600' rel='stylesheet' type='text/css'>
	<link href="https://fonts.googleapis.com/icon?family=Material+Icons" rel="stylesheet">

		<link href='https://cdn.rawgit.com/anshooarora/extentreports-java/6d3843c29c354373fafad29c03a1a89b7e06c374/dist/css/extent.css' type='text/css' rel='stylesheet' />
	
	<title>Cucumber Extent Reports - v1.0.0</title>

</head>

	<body class='extent standard default hide-overflow bdd-report'>
		<div id='theme-selector' alt='Click to toggle theme. To enable by default, use theme configuration.' title='Click to toggle theme. To enable by default, use theme configuration.'>
			<span><i class='material-icons'>desktop_windows</i></span>
		</div>

<nav>
	<div class="nav-wrapper">
		<a href="#!" class="brand-logo blue darken-3">Extent</a>

		<!-- slideout menu -->
		<ul id='slide-out' class='side-nav fixed hide-on-med-and-down'>
			<li class='waves-effect active'><a href='#!' view='test-view' onclick="configureView(0);chartsView('test');"><i class='material-icons'>dashboard</i></a></li>
						<li class='waves-effect'><a href='#!' view='category-view' onclick="configureView(1)"><i class='material-icons'>label_outline</i></a></li>
			<li class='waves-effect'><a href='#!' view='exception-view' onclick="configureView(2)"><i class='material-icons'>bug_report</i></a></li>
			<li class='waves-effect'><a href='#!' onclick="configureView(-1);chartsView('dashboard');" view='dashboard-view'><i class='material-icons'>track_changes</i></i></a></li>
			<li class='waves-effect'><a href='#!' onclick="configureView(-1)" view='testrunner-logs-view'><i class='material-icons'>note</i></a></li>
		</ul>

		<!-- report name -->
		<span class='report-name'>Cucumber Extent Reports</span>
		
		<!-- report headline -->
		<span class='report-headline'></span>

		<!-- nav-right -->
		<ul id='nav-mobile' class='right hide-on-med-and-down nav-right'>
			<li>
                <a href='#!'>
                    <span class='label suite-start-time blue darken-3'>Jul 24, 2017 03:44:20 PM</span>
				</a>
			</li>
			<li>
                <a href='#!'>
                    <span class='label blue darken-3'>v3.0.6</span>
				</a>
			</li>
		</ul>
	</div>
</nav>

		<!-- container -->
		<div class='container'>

<div id='test-view' class='view'>
				
	<section id='controls'>
		<div class='controls grey lighten-4'>
			<!-- test toggle -->
			<div class='chip transparent'>
				<a class='dropdown-button tests-toggle' data-activates='tests-toggle' data-constrainwidth='true' data-beloworigin='true' data-hover='true' href='#'>
					<i class='material-icons'>warning</i> Status
				</a>
				<ul id='tests-toggle' class='dropdown-content'>
											<li status='pass'><a href='#!'>Pass <i class='material-icons green-text'>check_circle</i></a></li>
						<li status='fail'><a href='#!'>Fail <i class='material-icons red-text'>cancel</i></a></li>
						<li status='skip'><a href='#!'>Skip <i class='material-icons cyan-text'>redo</i></a></li>
					<li class='divider'></li>
					<li status='clear' clear='true'><a href='#!'>Clear Filters <i class='material-icons'>clear</i></a></li>
				</ul>
			</div>
			<!-- test toggle -->

			<!-- category toggle -->
			<div class='chip transparent'>
				<a class='dropdown-button category-toggle' data-activates='category-toggle' data-constrainwidth='false' data-beloworigin='true' data-hover='true' href='#'>
					<i class='material-icons'>local_offer</i> Category
				</a>
				<ul id='category-toggle' class='dropdown-content'>
					<li><a href='#'>@AssignProjectAfterSave</a></li>
					<li><a href='#'>@FeatureAssignment</a></li>
					<li><a href='#'>@ProjectAssignment</a></li>
					<li><a href='#'>@CRUDDepartments</a></li>
					<li><a href='#'>@ClientManagement</a></li>
					<li><a href='#'>@FeatureLockedPeriodsManagement</a></li>
					<li><a href='#'>@ScenarioLockedPeriodsManagement</a></li>
					<li><a href='#'>@ProjectManagement</a></li>
					<li><a href='#'>@UserManagementFeature</a></li>
					<li><a href='#'>@CreateUsers</a></li>
					<li><a href='#'>@CreateDeleteUser</a></li>
					<li><a href='#'>@EditUser</a></li>
					<li><a href='#'>@FeatureSingleSignOn</a></li>
					<li><a href='#'>@ScenarioSingleSignOn</a></li>
					<li><a href='#'>@ScenarioInactiveUserSingleSignOn</a></li>
					<li class='divider'></li>
					<li class='clear'><a href='#!' clear='true'>Clear Filters</a></li>
				</ul>
			</div>
			<!-- category toggle -->

			<!-- clear filters -->
			<div class='chip transparent hide'>
				<a class='' id='clear-filters' alt='Clear Filters' title='Clear Filters'>
					<i class='material-icons'>close</i> Clear
				</a>
			</div>
			<!-- clear filters -->

			<!-- enable dashboard -->
			<div id='toggle-test-view-charts' class='chip transparent'>
				<a class='pink-text' id='enable-dashboard' alt='Enable Dashboard' title='Enable Dashboard'>
					<i class='material-icons'>track_changes</i> Dashboard
				</a>
			</div>
			<!-- enable dashboard -->

			<!-- search -->
			<div class='chip transparent' alt='Search Tests' title='Search Tests'>
				<a href="#" class='search-div'>
					<i class='material-icons'>search</i> Search
				</a>

				<div class='input-field left hide'>
					<input id='search-tests' type='text' class='validate browser-default' placeholder='Search Tests...'>
				</div>
				
			</div>
			<!-- search -->
		</div>
	</section>


<div id='test-view-charts' class='subview-full'>
	<div id='charts-row' class='row nm-v nm-h'>
		<div class='col s12 m4 l4 np-h'>
			<div class='card-panel nm-v'>
				<div class='left panel-name'>Features</div>
				<div class='chart-box'>
					<canvas id='parent-analysis' width='100' height='80'></canvas>
				</div>
				<div class='block text-small'>
					<span class='tooltipped' data-position='top' data-tooltip='11.111%'><span class='strong'>1</span> feature(s) passed</span>
				</div>
				<div class='block text-small'>
					<span class='strong tooltipped' data-position='top' data-tooltip='88.889%'>8</span> feature(s) failed, <span class='strong tooltipped' data-position='top' data-tooltip='0%'>0</span> others
				</div>
			</div>
		</div>
		
		<div class='col s12 m4 l4 np-h'>
			<div class='card-panel nm-v'>
				<div class='left panel-name'>Scenarios</div>
				<div class='chart-box'>
					<canvas id='child-analysis' width='100' height='80'></canvas>
				</div>
				<div class='block text-small'>
					<span class='tooltipped' data-position='top' data-tooltip='0%'><span class='strong'>0</span> scenario(s) passed</span>
				</div>
				<div class='block text-small'>
					<span class='strong tooltipped' data-position='top' data-tooltip='100%'>11</span> scenario(s) failed, <span class='strong tooltipped' data-position='top' data-tooltip='0%'>0</span> others
				</div>
			</div>
		</div>
		
		<div class='col s12 m4 l4 np-h'>
			<div class='card-panel nm-v'>
				<div class='left panel-name'>Steps</div>
				<div class='chart-box'>
					<canvas id='grandchild-analysis' width='100' height='80'></canvas>
				</div>
				<div class='block text-small'>
					<span class='tooltipped' data-position='top' data-tooltip='3.315%'><span class='strong'>6</span> step(s) passed</span>
				</div>
				<div class='block text-small'>
					<span class='strong tooltipped' data-position='top' data-tooltip='6.077%'>11</span> step(s) failed, <span class='strong tooltipped' data-position='top' data-tooltip='90.608%'>164</span> others
				</div>
			</div>
		</div>
	</div>
</div>

	<div class='subview-left left'>
		
		<div class='view-summary'>
			<h5>Features</h5>
			<ul id='test-collection' class='test-collection'>
				
				
				<li class='test displayed active has-leaf fail' status='fail' bdd='true' test-id='1'>
					<div class='test-heading'>
						<span class='test-name'>Assign To Project After Save</span>
						<span class='test-time'>Jul 24, 2017 03:44:20 PM</span>
						<span class='test-status right fail'>fail</span>
					</div>
					<div class='test-content hide'>
<div class='scenariooutline node' test-id='2' status='fail'>
	<span class='duration right label'>0h 2m 18s+792ms</span>
	<div class='desc'>
		<b>ScenarioOutline</b>
		<span class="desc-text">Assign To Project After Save</span>
	</div>
	<ul class='steps'>
		<li test-id='3' class='node scenario fail' status='fail'>
			<div class='category-list'>
				<span class='category label white-text'>@AssignProjectAfterSave</span>
			</div>
			
			<b>Scenario</b>
			
			<span class="bdd-step-name">Assign To Project After Save</span>
			
				<ul class='steps'>
					<li test-id='4' class='node given pass' status='pass'><b>Given</b>
						<span class="bdd-step-name">Given Open "chrome" and start application</span>
							<div class='pre'>passed</div>
					</li>
					<li test-id='5' class='node when pass' status='pass'><b>When</b>
						<span class="bdd-step-name">When I enter valid "admin" and "admin"</span>
							<div class='pre'>passed</div>
					</li>
					<li test-id='6' class='node then pass' status='pass'><b>Then</b>
						<span class="bdd-step-name">Then I should be able see "Admin, eHour" on Welcome Page</span>
							<div class='pre'>passed</div>
					</li>
					<li test-id='7' class='node when pass' status='pass'><b>When</b>
						<span class="bdd-step-name">When I select menu item "Users"</span>
							<div class='pre'>passed</div>
					</li>
					<li test-id='8' class='node then pass' status='pass'><b>Then</b>
						<span class="bdd-step-name">Then Page Header must display "User management"</span>
							<div class='pre'>passed</div>
					</li>
					<li test-id='9' class='node when fail' status='fail'><b>When</b>
						<span class="bdd-step-name">When I add a new user with the following details if non exist</span>
							<div class='pre'><table><tr><td>Username</td><td>FirstName</td><td>LastName</td><td>Email</td><td>Password</td><td>ConfirmPassword</td><td>Department</td><td>UserRoles</td><td>Active</td><td>AssignToProjectAfterSave</td><td>Country</td><td>Location</td><td>EmployeeType</td><td>TimeSheetApprover</td></tr><tr><td>qwerty</td><td>qwerty</td><td>qwerty</td><td>qwerty@nisum.com</td><td>qwerty</td><td>qwerty</td><td>Offshore</td><td>User</td><td>true</td><td>true</td><td>India</td><td>Hydrabad</td><td>Android</td><td>Lim, Karin</td></tr></table></div>
							<div class='pre'><pre>org.openqa.selenium.NoSuchElementException: Cannot locate element with text: Hydrabad
For documentation on this error, please visit: http://seleniumhq.org/exceptions/no_such_element.html
Build info: version: '3.4.0', revision: 'unknown', time: 'unknown'
System info: host: 'Malav.local', ip: 'fe80:0:0:0:1c55:2c90:32ee:4cdb%en0', os.name: 'Mac OS X', os.arch: 'x86_64', os.version: '10.12.3', java.version: '1.8.0_121'
Driver info: driver.version: unknown
	at org.openqa.selenium.support.ui.Select.selectByVisibleText(Select.java:151)
	at PageObjects.Base.SelectByVisibleText(Base.java:326)
	at PageObjects.Page_UserManagement.CreateUserAssignProject(Page_UserManagement.java:316)
	at stepDefinition.Steps_UserManagement.i_add_a_new_user_with_the_following_details_if_non_exist(Steps_UserManagement.java:54)
	at ✽.When I add a new user with the following details if non exist(Feature_AssignTo_Project_After_Save.feature:10)
</pre></div>
					</li>
					<li test-id='10' class='node when skip' status='skip'><b>When</b>
						<span class="bdd-step-name">When I select menu item "Assignments"</span>
							<div class='pre'>skipped</div>
					</li>
					<li test-id='11' class='node when skip' status='skip'><b>When</b>
						<span class="bdd-step-name">When I assign projects to users as follows</span>
							<div class='pre'><table><tr><td>FirstName</td><td>LastName</td><td>Account</td><td>Project</td><td>AssignmentType</td><td>StartDate</td><td>EndDate</td><td>Role</td><td>HourlyRate</td><td>Active</td></tr><tr><td>qwerty</td><td>qwerty</td><td>NB - Nisum Billable</td><td>ATS-Product - ATS-Product</td><td>Date range</td><td>true</td><td>true</td><td>QA</td><td>0.00</td><td>true</td></tr></table></div>
							<div class='pre'>skipped</div>
					</li>
					<li test-id='12' class='node then skip' status='skip'><b>Then</b>
						<span class="bdd-step-name">Then I click save button on user page</span>
							<div class='pre'>skipped</div>
					</li>
					<li test-id='13' class='node when skip' status='skip'><b>When</b>
						<span class="bdd-step-name">When I logout from eHour</span>
							<div class='pre'>skipped</div>
					</li>
					<li test-id='14' class='node then skip' status='skip'><b>Then</b>
						<span class="bdd-step-name">Then I am successfully logged out</span>
							<div class='pre'>skipped</div>
					</li>
					<li test-id='15' class='node given skip' status='skip'><b>Given</b>
						<span class="bdd-step-name">Given Open "chrome" and start application</span>
							<div class='pre'>skipped</div>
					</li>
					<li test-id='16' class='node when skip' status='skip'><b>When</b>
						<span class="bdd-step-name">When I enter valid "qwerty" and "qwerty"</span>
							<div class='pre'>skipped</div>
					</li>
					<li test-id='17' class='node then skip' status='skip'><b>Then</b>
						<span class="bdd-step-name">Then I should be able see "qwerty, qwerty" on Welcome Page</span>
							<div class='pre'>skipped</div>
					</li>
					<li test-id='18' class='node and skip' status='skip'><b>And</b>
						<span class="bdd-step-name">And I am navigated to Timesheet page</span>
							<div class='pre'>skipped</div>
					</li>
					<li test-id='19' class='node and skip' status='skip'><b>And</b>
						<span class="bdd-step-name">And I see the following accounts-projects in the timesheet</span>
							<div class='pre'><table><tr><td>AccountName</td><td>ProjectName</td></tr><tr><td>Nisum Billable</td><td>ATS-Product</td></tr></table></div>
							<div class='pre'>skipped</div>
					</li>
					<li test-id='20' class='node when skip' status='skip'><b>When</b>
						<span class="bdd-step-name">When I logout from eHour</span>
							<div class='pre'>skipped</div>
					</li>
					<li test-id='21' class='node then skip' status='skip'><b>Then</b>
						<span class="bdd-step-name">Then I am successfully logged out</span>
							<div class='pre'>skipped</div>
					</li>
					<li test-id='22' class='node given skip' status='skip'><b>Given</b>
						<span class="bdd-step-name">Given Open "chrome" and start application</span>
							<div class='pre'>skipped</div>
					</li>
					<li test-id='23' class='node when skip' status='skip'><b>When</b>
						<span class="bdd-step-name">When I enter valid "admin" and "admin"</span>
							<div class='pre'>skipped</div>
					</li>
					<li test-id='24' class='node when skip' status='skip'><b>When</b>
						<span class="bdd-step-name">When I select menu item "Users"</span>
							<div class='pre'>skipped</div>
					</li>
					<li test-id='25' class='node then skip' status='skip'><b>Then</b>
						<span class="bdd-step-name">Then Page Header must display "User management"</span>
							<div class='pre'>skipped</div>
					</li>
					<li test-id='26' class='node when skip' status='skip'><b>When</b>
						<span class="bdd-step-name">When I select menu item "Users"</span>
							<div class='pre'>skipped</div>
					</li>
					<li test-id='27' class='node when skip' status='skip'><b>When</b>
						<span class="bdd-step-name">When I Select the user with username - "qwerty"</span>
							<div class='pre'>skipped</div>
					</li>
					<li test-id='28' class='node when skip' status='skip'><b>When</b>
						<span class="bdd-step-name">When I press the delete button</span>
							<div class='pre'>skipped</div>
					</li>
					<li test-id='29' class='node then skip' status='skip'><b>Then</b>
						<span class="bdd-step-name">Then I cannot search the user with the username - "qwerty"</span>
							<div class='pre'>skipped</div>
					</li>
					<li test-id='30' class='node when skip' status='skip'><b>When</b>
						<span class="bdd-step-name">When I logout from eHour</span>
							<div class='pre'>skipped</div>
					</li>
					<li test-id='31' class='node then skip' status='skip'><b>Then</b>
						<span class="bdd-step-name">Then I am successfully logged out</span>
						<ul class='screenshots right'>
							<li><a data-featherlight="image" href="errorScreenshots/2017-07-24-15-46-39.jpg"><i class='material-icons'>panorama</i></a></li>
						</ul>
							<div class='pre'>skipped</div>
					</li>
				</ul>
		</li>
	</ul>
</div>
					</div>
				</li>
				
				
				<li class='test displayed active has-leaf fail' status='fail' bdd='true' test-id='32'>
					<div class='test-heading'>
						<span class='test-name'>Assigning Users to Projects</span>
						<span class='test-time'>Jul 24, 2017 03:46:40 PM</span>
						<span class='test-status right fail'>fail</span>
					</div>
					<div class='test-content hide'>
<div class='scenariooutline node' test-id='33' status='fail'>
	<span class='duration right label'>0h 1m 17s+349ms</span>
	<div class='desc'>
		<b>ScenarioOutline</b>
		<span class="desc-text">Create Users and assign them to project</span>
	</div>
	<ul class='steps'>
		<li test-id='34' class='node scenario fail' status='fail'>
			<div class='category-list'>
				<span class='category label white-text'>@ProjectAssignment</span>
				<span class='category label white-text'>@FeatureAssignment</span>
			</div>
			
			<b>Scenario</b>
			
			<span class="bdd-step-name">Create Users and assign them to project</span>
			
				<ul class='steps'>
					<li test-id='35' class='node given pass' status='pass'><b>Given</b>
						<span class="bdd-step-name">Given Open "chrome-headless" and start application</span>
							<div class='pre'>passed</div>
					</li>
					<li test-id='36' class='node when fail' status='fail'><b>When</b>
						<span class="bdd-step-name">When I enter valid "admin" and "admin"</span>
							<div class='pre'><pre>org.openqa.selenium.WebDriverException: chrome not reachable
  (Session info: headless chrome=59.0.3071.115)
  (Driver info: chromedriver=2.29.461585 (0be2cd95f834e9ee7c46bcc7cf405b483f5ae83b),platform=Mac OS X 10.12.3 x86_64) (WARNING: The server did not provide any stacktrace information)
Command duration or timeout: 5 milliseconds
Build info: version: '3.4.0', revision: 'unknown', time: 'unknown'
System info: host: 'Malav.local', ip: 'fe80:0:0:0:1c55:2c90:32ee:4cdb%en0', os.name: 'Mac OS X', os.arch: 'x86_64', os.version: '10.12.3', java.version: '1.8.0_121'
Driver info: org.openqa.selenium.chrome.ChromeDriver
Capabilities [{applicationCacheEnabled=false, rotatable=false, mobileEmulationEnabled=false, networkConnectionEnabled=false, chrome={chromedriverVersion=2.29.461585 (0be2cd95f834e9ee7c46bcc7cf405b483f5ae83b), userDataDir=/var/folders/l8/b9lpsxmd6sqghzg1l43rl32c0000gp/T/.org.chromium.Chromium.CAq5D0}, takesHeapSnapshot=true, pageLoadStrategy=normal, databaseEnabled=false, handlesAlerts=true, hasTouchScreen=false, version=59.0.3071.115, platform=MAC, browserConnectionEnabled=false, nativeEvents=true, acceptSslCerts=true, locationContextEnabled=true, webStorageEnabled=true, browserName=chrome, takesScreenshot=true, javascriptEnabled=true, cssSelectorsEnabled=true, unexpectedAlertBehaviour=}]
Session ID: 7311720b6952630a68c910d68dbc0736
*** Element info: {Using=name, value=username}
	at sun.reflect.NativeConstructorAccessorImpl.newInstance0(Native Method)
	at sun.reflect.NativeConstructorAccessorImpl.newInstance(NativeConstructorAccessorImpl.java:62)
	at sun.reflect.DelegatingConstructorAccessorImpl.newInstance(DelegatingConstructorAccessorImpl.java:45)
	at java.lang.reflect.Constructor.newInstance(Constructor.java:423)
	at org.openqa.selenium.remote.ErrorHandler.createThrowable(ErrorHandler.java:215)
	at org.openqa.selenium.remote.ErrorHandler.throwIfResponseFailed(ErrorHandler.java:167)
	at org.openqa.selenium.remote.RemoteWebDriver.execute(RemoteWebDriver.java:671)
	at org.openqa.selenium.remote.RemoteWebDriver.findElement(RemoteWebDriver.java:410)
	at org.openqa.selenium.remote.RemoteWebDriver.findElementByName(RemoteWebDriver.java:485)
	at org.openqa.selenium.By$ByName.findElement(By.java:303)
	at org.openqa.selenium.remote.RemoteWebDriver.findElement(RemoteWebDriver.java:402)
	at PageObjects.Page_Login.getUserName(Page_Login.java:29)
	at PageObjects.Page_Login.Login(Page_Login.java:43)
	at stepDefinition.Steps_Login.Login(Steps_Login.java:28)
	at ✽.When I enter valid "admin" and "admin"(Feature_Assignment.feature:7)
</pre></div>
					</li>
					<li test-id='37' class='node then skip' status='skip'><b>Then</b>
						<span class="bdd-step-name">Then I should be able see "Admin, eHour" on Welcome Page</span>
							<div class='pre'>skipped</div>
					</li>
					<li test-id='38' class='node when skip' status='skip'><b>When</b>
						<span class="bdd-step-name">When I select menu item "Users"</span>
							<div class='pre'>skipped</div>
					</li>
					<li test-id='39' class='node then skip' status='skip'><b>Then</b>
						<span class="bdd-step-name">Then Page Header must display "User management"</span>
							<div class='pre'>skipped</div>
					</li>
					<li test-id='40' class='node when skip' status='skip'><b>When</b>
						<span class="bdd-step-name">When I add a new user with the following details if non existent</span>
							<div class='pre'><table><tr><td>Username</td><td>FirstName</td><td>LastName</td><td>Email</td><td>Password</td><td>ConfirmPassword</td><td>Department</td><td>UserRole</td><td>Active</td><td>AssignToProjectAfterSave</td><td>Country</td><td>Location</td><td>EmployeeType</td><td>TimeSheetApprover</td></tr><tr><td>testuser</td><td>test</td><td>user</td><td>tu@nisum.com</td><td>Nisum$123</td><td>Nisum$123</td><td>Offshore</td><td>User</td><td>true</td><td>false</td><td>Pakistan</td><td>Karachi</td><td>Nisum</td><td>Lim, Karin</td></tr></table></div>
							<div class='pre'>skipped</div>
					</li>
					<li test-id='41' class='node when skip' status='skip'><b>When</b>
						<span class="bdd-step-name">When I select menu item "Assignments"</span>
							<div class='pre'>skipped</div>
					</li>
					<li test-id='42' class='node when skip' status='skip'><b>When</b>
						<span class="bdd-step-name">When I assign projects to users as follows</span>
							<div class='pre'><table><tr><td>FirstName</td><td>LastName</td><td>Account</td><td>Project</td><td>AssignmentType</td><td>StartDate</td><td>EndDate</td><td>Role</td><td>HourlyRate</td><td>Active</td></tr><tr><td>test</td><td>user</td><td>NB - Nisum Billable</td><td>ATS-Product - ATS-Product</td><td>Date range</td><td>true</td><td>true</td><td>Developer</td><td>0.00</td><td>true</td></tr></table></div>
							<div class='pre'>skipped</div>
					</li>
					<li test-id='43' class='node when skip' status='skip'><b>When</b>
						<span class="bdd-step-name">When I logout from eHour</span>
							<div class='pre'>skipped</div>
					</li>
					<li test-id='44' class='node then skip' status='skip'><b>Then</b>
						<span class="bdd-step-name">Then I am successfully logged out</span>
							<div class='pre'>skipped</div>
					</li>
					<li test-id='45' class='node when skip' status='skip'><b>When</b>
						<span class="bdd-step-name">When I enter valid "testuser" and "Nisum$123"</span>
							<div class='pre'>skipped</div>
					</li>
					<li test-id='46' class='node then skip' status='skip'><b>Then</b>
						<span class="bdd-step-name">Then I should be able see "user, test" on Welcome Page</span>
							<div class='pre'>skipped</div>
					</li>
					<li test-id='47' class='node and skip' status='skip'><b>And</b>
						<span class="bdd-step-name">And I am navigated to Timesheet page</span>
							<div class='pre'>skipped</div>
					</li>
					<li test-id='48' class='node and skip' status='skip'><b>And</b>
						<span class="bdd-step-name">And I see the following accounts-projects in the timesheet</span>
							<div class='pre'><table><tr><td>AccountName</td><td>ProjectName</td></tr><tr><td>Nisum Billable</td><td>ATS-Product</td></tr></table></div>
							<div class='pre'>skipped</div>
					</li>
					<li test-id='49' class='node when skip' status='skip'><b>When</b>
						<span class="bdd-step-name">When I logout from eHour</span>
							<div class='pre'>skipped</div>
					</li>
					<li test-id='50' class='node then skip' status='skip'><b>Then</b>
						<span class="bdd-step-name">Then I am successfully logged out</span>
							<div class='pre'>skipped</div>
					</li>
					<li test-id='51' class='node when skip' status='skip'><b>When</b>
						<span class="bdd-step-name">When I enter valid "admin" and "admin"</span>
							<div class='pre'>skipped</div>
					</li>
					<li test-id='52' class='node then skip' status='skip'><b>Then</b>
						<span class="bdd-step-name">Then I should be able see "Admin, eHour" on Welcome Page</span>
							<div class='pre'>skipped</div>
					</li>
					<li test-id='53' class='node when skip' status='skip'><b>When</b>
						<span class="bdd-step-name">When I select menu item "Assignments"</span>
							<div class='pre'>skipped</div>
					</li>
					<li test-id='54' class='node when skip' status='skip'><b>When</b>
						<span class="bdd-step-name">When I edit assignments as follows</span>
							<div class='pre'><table><tr><td>FirstName</td><td>LastName</td><td>Account</td><td>Project</td><td>AssignmentType</td><td>StartDate</td><td>EndDate</td><td>Role</td><td>HourlyRate</td><td>Active</td></tr><tr><td>test</td><td>user</td><td>NB - Nisum Billable</td><td>ATS-Product - ATS-Product</td><td>Date range</td><td>true</td><td>true</td><td>Tester</td><td>10.00</td><td>true</td></tr></table></div>
							<div class='pre'>skipped</div>
					</li>
					<li test-id='55' class='node when skip' status='skip'><b>When</b>
						<span class="bdd-step-name">When I unassign projects to users as follows</span>
							<div class='pre'><table><tr><td>FirstName</td><td>LastName</td><td>Account</td><td>Project</td><td>AssignmentType</td><td>StartDate</td><td>EndDate</td><td>Role</td><td>HourlyRate</td><td>Active</td></tr><tr><td>test</td><td>user</td><td>NB - Nisum Billable</td><td>ATS-Product - ATS-Product</td><td>Date range</td><td>true</td><td>true</td><td>Developer</td><td>0.00</td><td>true</td></tr></table></div>
							<div class='pre'>skipped</div>
					</li>
					<li test-id='56' class='node when skip' status='skip'><b>When</b>
						<span class="bdd-step-name">When I logout from eHour</span>
							<div class='pre'>skipped</div>
					</li>
					<li test-id='57' class='node then skip' status='skip'><b>Then</b>
						<span class="bdd-step-name">Then I am successfully logged out</span>
							<div class='pre'>skipped</div>
					</li>
				</ul>
		</li>
	</ul>
</div>
					</div>
				</li>
				
				
				<li class='test displayed active has-leaf fail' status='fail' bdd='true' test-id='58'>
					<div class='test-heading'>
						<span class='test-name'>Create, Update, Delete Departments</span>
						<span class='test-time'>Jul 24, 2017 03:47:57 PM</span>
						<span class='test-status right fail'>fail</span>
					</div>
					<div class='test-content hide'>
<div class='scenariooutline node' test-id='59' status='fail'>
	<span class='duration right label'>0h 0m 0s+10ms</span>
	<div class='desc'>
		<b>ScenarioOutline</b>
		<span class="desc-text">Create Update Delete Departments</span>
	</div>
	<ul class='steps'>
		<li test-id='60' class='node scenario fail' status='fail'>
			<div class='category-list'>
				<span class='category label white-text'>@CRUDDepartments</span>
			</div>
			
			<b>Scenario</b>
			
			<span class="bdd-step-name">Create Update Delete Departments</span>
			
				<ul class='steps'>
					<li test-id='61' class='node given fail' status='fail'><b>Given</b>
						<span class="bdd-step-name">Given Open "chrome" and start application</span>
							<div class='pre'><pre>org.openqa.selenium.WebDriverException: chrome not reachable
  (Session info: headless chrome=59.0.3071.115)
  (Driver info: chromedriver=2.29.461585 (0be2cd95f834e9ee7c46bcc7cf405b483f5ae83b),platform=Mac OS X 10.12.3 x86_64) (WARNING: The server did not provide any stacktrace information)
Command duration or timeout: 2 milliseconds
Build info: version: '3.4.0', revision: 'unknown', time: 'unknown'
System info: host: 'Malav.local', ip: 'fe80:0:0:0:1c55:2c90:32ee:4cdb%en0', os.name: 'Mac OS X', os.arch: 'x86_64', os.version: '10.12.3', java.version: '1.8.0_121'
Driver info: org.openqa.selenium.chrome.ChromeDriver
Capabilities [{applicationCacheEnabled=false, rotatable=false, mobileEmulationEnabled=false, networkConnectionEnabled=false, chrome={chromedriverVersion=2.29.461585 (0be2cd95f834e9ee7c46bcc7cf405b483f5ae83b), userDataDir=/var/folders/l8/b9lpsxmd6sqghzg1l43rl32c0000gp/T/.org.chromium.Chromium.CAq5D0}, takesHeapSnapshot=true, pageLoadStrategy=normal, databaseEnabled=false, handlesAlerts=true, hasTouchScreen=false, version=59.0.3071.115, platform=MAC, browserConnectionEnabled=false, nativeEvents=true, acceptSslCerts=true, locationContextEnabled=true, webStorageEnabled=true, browserName=chrome, takesScreenshot=true, javascriptEnabled=true, cssSelectorsEnabled=true, unexpectedAlertBehaviour=}]
Session ID: 7311720b6952630a68c910d68dbc0736
	at sun.reflect.NativeConstructorAccessorImpl.newInstance0(Native Method)
	at sun.reflect.NativeConstructorAccessorImpl.newInstance(NativeConstructorAccessorImpl.java:62)
	at sun.reflect.DelegatingConstructorAccessorImpl.newInstance(DelegatingConstructorAccessorImpl.java:45)
	at java.lang.reflect.Constructor.newInstance(Constructor.java:423)
	at org.openqa.selenium.remote.ErrorHandler.createThrowable(ErrorHandler.java:215)
	at org.openqa.selenium.remote.ErrorHandler.throwIfResponseFailed(ErrorHandler.java:167)
	at org.openqa.selenium.remote.RemoteWebDriver.execute(RemoteWebDriver.java:671)
	at org.openqa.selenium.remote.RemoteWebDriver.get(RemoteWebDriver.java:364)
	at PageObjects.Page_Login.NavigateTo(Page_Login.java:24)
	at stepDefinition.Steps_Login.OpenWebPageInBrowser(Steps_Login.java:22)
	at ✽.Given Open "chrome" and start application(Feature_Departments.feature:6)
</pre></div>
					</li>
					<li test-id='62' class='node when skip' status='skip'><b>When</b>
						<span class="bdd-step-name">When I enter valid "admin" and "admin"</span>
							<div class='pre'>skipped</div>
					</li>
					<li test-id='63' class='node then skip' status='skip'><b>Then</b>
						<span class="bdd-step-name">Then I should be able see "Admin, eHour" on Welcome Page</span>
							<div class='pre'>skipped</div>
					</li>
					<li test-id='64' class='node when skip' status='skip'><b>When</b>
						<span class="bdd-step-name">When I select menu item "Functional groups"</span>
							<div class='pre'>skipped</div>
					</li>
					<li test-id='65' class='node then skip' status='skip'><b>Then</b>
						<span class="bdd-step-name">Then Page Header must display "Functional groups management"</span>
							<div class='pre'>skipped</div>
					</li>
					<li test-id='66' class='node when skip' status='skip'><b>When</b>
						<span class="bdd-step-name">When I add the following non-existing department</span>
							<div class='pre'><table><tr><td>DepartmentName</td><td>DepartmentCode</td></tr><tr><td>TestDepartmentName</td><td>TDC</td></tr></table></div>
							<div class='pre'>skipped</div>
					</li>
					<li test-id='67' class='node then skip' status='skip'><b>Then</b>
						<span class="bdd-step-name">Then I can search the following departments</span>
							<div class='pre'><table><tr><td>DepartmentName</td><td>DepartmentCode</td></tr><tr><td>TestDepartmentName</td><td>TDC</td></tr></table></div>
							<div class='pre'>skipped</div>
					</li>
					<li test-id='68' class='node when skip' status='skip'><b>When</b>
						<span class="bdd-step-name">When I edit the following department</span>
							<div class='pre'><table><tr><td>OriginalDepartmentName</td><td>OriginalDepartmentCode</td><td>NewDepartmentName</td><td>NewDdepartmentCode</td></tr><tr><td>TestDepartmentName</td><td>TDC</td><td>NewDepartmentName</td><td>NDC</td></tr></table></div>
							<div class='pre'>skipped</div>
					</li>
					<li test-id='69' class='node when skip' status='skip'><b>When</b>
						<span class="bdd-step-name">When I delete the following department</span>
							<div class='pre'><table><tr><td>DepartmentName</td><td>DepartmentCode</td></tr><tr><td>NewDepartmentName</td><td>NDC</td></tr></table></div>
							<div class='pre'>skipped</div>
					</li>
					<li test-id='70' class='node when skip' status='skip'><b>When</b>
						<span class="bdd-step-name">When I logout from eHour</span>
							<div class='pre'>skipped</div>
					</li>
					<li test-id='71' class='node then skip' status='skip'><b>Then</b>
						<span class="bdd-step-name">Then I am successfully logged out</span>
							<div class='pre'>skipped</div>
					</li>
				</ul>
		</li>
	</ul>
</div>
					</div>
				</li>
				
				
				<li class='test displayed active has-leaf fail' status='fail' bdd='true' test-id='72'>
					<div class='test-heading'>
						<span class='test-name'>Client Management</span>
						<span class='test-time'>Jul 24, 2017 03:47:57 PM</span>
						<span class='test-status right fail'>fail</span>
					</div>
					<div class='test-content hide'>
<div class='scenariooutline node' test-id='73' status='fail'>
	<span class='duration right label'>0h 0m 0s+11ms</span>
	<div class='desc'>
		<b>ScenarioOutline</b>
		<span class="desc-text">Client - Add, Search, Delete</span>
	</div>
	<ul class='steps'>
		<li test-id='74' class='node scenario fail' status='fail'>
			<div class='category-list'>
				<span class='category label white-text'>@ClientManagement</span>
			</div>
			
			<b>Scenario</b>
			
			<span class="bdd-step-name">Client - Add, Search, Delete</span>
			
				<ul class='steps'>
					<li test-id='75' class='node given fail' status='fail'><b>Given</b>
						<span class="bdd-step-name">Given Open "chrome" and start application</span>
							<div class='pre'><pre>org.openqa.selenium.WebDriverException: chrome not reachable
  (Session info: headless chrome=59.0.3071.115)
  (Driver info: chromedriver=2.29.461585 (0be2cd95f834e9ee7c46bcc7cf405b483f5ae83b),platform=Mac OS X 10.12.3 x86_64) (WARNING: The server did not provide any stacktrace information)
Command duration or timeout: 3 milliseconds
Build info: version: '3.4.0', revision: 'unknown', time: 'unknown'
System info: host: 'Malav.local', ip: 'fe80:0:0:0:1c55:2c90:32ee:4cdb%en0', os.name: 'Mac OS X', os.arch: 'x86_64', os.version: '10.12.3', java.version: '1.8.0_121'
Driver info: org.openqa.selenium.chrome.ChromeDriver
Capabilities [{applicationCacheEnabled=false, rotatable=false, mobileEmulationEnabled=false, networkConnectionEnabled=false, chrome={chromedriverVersion=2.29.461585 (0be2cd95f834e9ee7c46bcc7cf405b483f5ae83b), userDataDir=/var/folders/l8/b9lpsxmd6sqghzg1l43rl32c0000gp/T/.org.chromium.Chromium.CAq5D0}, takesHeapSnapshot=true, pageLoadStrategy=normal, databaseEnabled=false, handlesAlerts=true, hasTouchScreen=false, version=59.0.3071.115, platform=MAC, browserConnectionEnabled=false, nativeEvents=true, acceptSslCerts=true, locationContextEnabled=true, webStorageEnabled=true, browserName=chrome, takesScreenshot=true, javascriptEnabled=true, cssSelectorsEnabled=true, unexpectedAlertBehaviour=}]
Session ID: 7311720b6952630a68c910d68dbc0736
	at sun.reflect.NativeConstructorAccessorImpl.newInstance0(Native Method)
	at sun.reflect.NativeConstructorAccessorImpl.newInstance(NativeConstructorAccessorImpl.java:62)
	at sun.reflect.DelegatingConstructorAccessorImpl.newInstance(DelegatingConstructorAccessorImpl.java:45)
	at java.lang.reflect.Constructor.newInstance(Constructor.java:423)
	at org.openqa.selenium.remote.ErrorHandler.createThrowable(ErrorHandler.java:215)
	at org.openqa.selenium.remote.ErrorHandler.throwIfResponseFailed(ErrorHandler.java:167)
	at org.openqa.selenium.remote.RemoteWebDriver.execute(RemoteWebDriver.java:671)
	at org.openqa.selenium.remote.RemoteWebDriver.get(RemoteWebDriver.java:364)
	at PageObjects.Page_Login.NavigateTo(Page_Login.java:24)
	at stepDefinition.Steps_Login.OpenWebPageInBrowser(Steps_Login.java:22)
	at ✽.Given Open "chrome" and start application(Feature_ManageClients.feature:6)
</pre></div>
					</li>
					<li test-id='76' class='node when skip' status='skip'><b>When</b>
						<span class="bdd-step-name">When I enter valid "admin" and "admin"</span>
							<div class='pre'>skipped</div>
					</li>
					<li test-id='77' class='node then skip' status='skip'><b>Then</b>
						<span class="bdd-step-name">Then I should be able see "Admin, eHour" on Welcome Page</span>
							<div class='pre'>skipped</div>
					</li>
					<li test-id='78' class='node when skip' status='skip'><b>When</b>
						<span class="bdd-step-name">When I select menu item "Clients"</span>
							<div class='pre'>skipped</div>
					</li>
					<li test-id='79' class='node then skip' status='skip'><b>Then</b>
						<span class="bdd-step-name">Then Page Header must display "Client management"</span>
							<div class='pre'>skipped</div>
					</li>
					<li test-id='80' class='node when skip' status='skip'><b>When</b>
						<span class="bdd-step-name">When I delete a client named "TestClient"</span>
							<div class='pre'>skipped</div>
					</li>
					<li test-id='81' class='node when skip' status='skip'><b>When</b>
						<span class="bdd-step-name">When I create a client with the following details</span>
							<div class='pre'><table><tr><td>ClientName</td><td>ClientCode</td><td>ClientDescription</td><td>IsActive</td></tr><tr><td>TestClient</td><td>TestClientCode</td><td>Test Client Description</td><td>true</td></tr></table></div>
							<div class='pre'>skipped</div>
					</li>
					<li test-id='82' class='node then skip' status='skip'><b>Then</b>
						<span class="bdd-step-name">Then I can search the client by Client Name "TestClient"</span>
							<div class='pre'>skipped</div>
					</li>
					<li test-id='83' class='node when skip' status='skip'><b>When</b>
						<span class="bdd-step-name">When I select the client with Client Name "TestClient"</span>
							<div class='pre'>skipped</div>
					</li>
					<li test-id='84' class='node then skip' status='skip'><b>Then</b>
						<span class="bdd-step-name">Then The selected client has the following details</span>
							<div class='pre'><table><tr><td>ClientName</td><td>ClientCode</td><td>ClientDescription</td><td>IsActive</td></tr><tr><td>TestClient</td><td>TestClientCode</td><td>Test Client Description</td><td>true</td></tr></table></div>
							<div class='pre'>skipped</div>
					</li>
					<li test-id='85' class='node when skip' status='skip'><b>When</b>
						<span class="bdd-step-name">When I delete the client with Client Name "TestClient"</span>
							<div class='pre'>skipped</div>
					</li>
					<li test-id='86' class='node then skip' status='skip'><b>Then</b>
						<span class="bdd-step-name">Then I cannot search the client by Client Name "TestClient"</span>
							<div class='pre'>skipped</div>
					</li>
					<li test-id='87' class='node when skip' status='skip'><b>When</b>
						<span class="bdd-step-name">When I logout from eHour</span>
							<div class='pre'>skipped</div>
					</li>
					<li test-id='88' class='node then skip' status='skip'><b>Then</b>
						<span class="bdd-step-name">Then I am successfully logged out</span>
							<div class='pre'>skipped</div>
					</li>
				</ul>
		</li>
	</ul>
</div>
					</div>
				</li>
				
				
				<li class='test displayed active has-leaf fail' status='fail' bdd='true' test-id='89'>
					<div class='test-heading'>
						<span class='test-name'>Locked Period Management</span>
						<span class='test-time'>Jul 24, 2017 03:47:57 PM</span>
						<span class='test-status right fail'>fail</span>
					</div>
					<div class='test-content hide'>
<div class='scenariooutline node' test-id='90' status='fail'>
	<span class='duration right label'>0h 0m 0s+16ms</span>
	<div class='desc'>
		<b>ScenarioOutline</b>
		<span class="desc-text">Verify that locked period causes the timesheet to be locked for the given period.</span>
	</div>
	<ul class='steps'>
		<li test-id='91' class='node scenario fail' status='fail'>
			<div class='category-list'>
				<span class='category label white-text'>@ScenarioLockedPeriodsManagement</span>
				<span class='category label white-text'>@FeatureLockedPeriodsManagement</span>
			</div>
			
			<b>Scenario</b>
			
			<span class="bdd-step-name">Verify that locked period causes the timesheet to be locked for the given period.</span>
			
				<ul class='steps'>
					<li test-id='92' class='node given fail' status='fail'><b>Given</b>
						<span class="bdd-step-name">Given Open "chrome" and start application</span>
							<div class='pre'><pre>org.openqa.selenium.WebDriverException: chrome not reachable
  (Session info: headless chrome=59.0.3071.115)
  (Driver info: chromedriver=2.29.461585 (0be2cd95f834e9ee7c46bcc7cf405b483f5ae83b),platform=Mac OS X 10.12.3 x86_64) (WARNING: The server did not provide any stacktrace information)
Command duration or timeout: 3 milliseconds
Build info: version: '3.4.0', revision: 'unknown', time: 'unknown'
System info: host: 'Malav.local', ip: 'fe80:0:0:0:1c55:2c90:32ee:4cdb%en0', os.name: 'Mac OS X', os.arch: 'x86_64', os.version: '10.12.3', java.version: '1.8.0_121'
Driver info: org.openqa.selenium.chrome.ChromeDriver
Capabilities [{applicationCacheEnabled=false, rotatable=false, mobileEmulationEnabled=false, networkConnectionEnabled=false, chrome={chromedriverVersion=2.29.461585 (0be2cd95f834e9ee7c46bcc7cf405b483f5ae83b), userDataDir=/var/folders/l8/b9lpsxmd6sqghzg1l43rl32c0000gp/T/.org.chromium.Chromium.CAq5D0}, takesHeapSnapshot=true, pageLoadStrategy=normal, databaseEnabled=false, handlesAlerts=true, hasTouchScreen=false, version=59.0.3071.115, platform=MAC, browserConnectionEnabled=false, nativeEvents=true, acceptSslCerts=true, locationContextEnabled=true, webStorageEnabled=true, browserName=chrome, takesScreenshot=true, javascriptEnabled=true, cssSelectorsEnabled=true, unexpectedAlertBehaviour=}]
Session ID: 7311720b6952630a68c910d68dbc0736
	at sun.reflect.NativeConstructorAccessorImpl.newInstance0(Native Method)
	at sun.reflect.NativeConstructorAccessorImpl.newInstance(NativeConstructorAccessorImpl.java:62)
	at sun.reflect.DelegatingConstructorAccessorImpl.newInstance(DelegatingConstructorAccessorImpl.java:45)
	at java.lang.reflect.Constructor.newInstance(Constructor.java:423)
	at org.openqa.selenium.remote.ErrorHandler.createThrowable(ErrorHandler.java:215)
	at org.openqa.selenium.remote.ErrorHandler.throwIfResponseFailed(ErrorHandler.java:167)
	at org.openqa.selenium.remote.RemoteWebDriver.execute(RemoteWebDriver.java:671)
	at org.openqa.selenium.remote.RemoteWebDriver.get(RemoteWebDriver.java:364)
	at PageObjects.Page_Login.NavigateTo(Page_Login.java:24)
	at stepDefinition.Steps_Login.OpenWebPageInBrowser(Steps_Login.java:22)
	at ✽.Given Open "chrome" and start application(Feature_ManageLockedPeriods.feature:8)
</pre></div>
					</li>
					<li test-id='93' class='node when skip' status='skip'><b>When</b>
						<span class="bdd-step-name">When I enter valid "admin" and "admin"</span>
							<div class='pre'>skipped</div>
					</li>
					<li test-id='94' class='node then skip' status='skip'><b>Then</b>
						<span class="bdd-step-name">Then I should be able see "Admin, eHour" on Welcome Page</span>
							<div class='pre'>skipped</div>
					</li>
					<li test-id='95' class='node when skip' status='skip'><b>When</b>
						<span class="bdd-step-name">When I select menu item "Locked periods"</span>
							<div class='pre'>skipped</div>
					</li>
					<li test-id='96' class='node then skip' status='skip'><b>Then</b>
						<span class="bdd-step-name">Then Page Header must display "Locked periods"</span>
							<div class='pre'>skipped</div>
					</li>
					<li test-id='97' class='node when skip' status='skip'><b>When</b>
						<span class="bdd-step-name">When I search and delete the locked periods for current week</span>
							<div class='pre'>skipped</div>
					</li>
					<li test-id='98' class='node and skip' status='skip'><b>And</b>
						<span class="bdd-step-name">And I create new locked period for current week</span>
							<div class='pre'>skipped</div>
					</li>
					<li test-id='99' class='node and skip' status='skip'><b>And</b>
						<span class="bdd-step-name">And I logout from eHour</span>
							<div class='pre'>skipped</div>
					</li>
					<li test-id='100' class='node and skip' status='skip'><b>And</b>
						<span class="bdd-step-name">And I enter valid "mparekh" and "test$123"</span>
							<div class='pre'>skipped</div>
					</li>
					<li test-id='101' class='node then skip' status='skip'><b>Then</b>
						<span class="bdd-step-name">Then I should be able see "Parekh, Malav Ashokkumar" on Welcome Page</span>
							<div class='pre'>skipped</div>
					</li>
					<li test-id='102' class='node and skip' status='skip'><b>And</b>
						<span class="bdd-step-name">And I am navigated to Timesheet page</span>
							<div class='pre'>skipped</div>
					</li>
					<li test-id='103' class='node and skip' status='skip'><b>And</b>
						<span class="bdd-step-name">And I see that the fields are locked for the current week</span>
							<div class='pre'>skipped</div>
					</li>
					<li test-id='104' class='node when skip' status='skip'><b>When</b>
						<span class="bdd-step-name">When I logout from eHour</span>
							<div class='pre'>skipped</div>
					</li>
					<li test-id='105' class='node and skip' status='skip'><b>And</b>
						<span class="bdd-step-name">And I enter valid "admin" and "admin"</span>
							<div class='pre'>skipped</div>
					</li>
					<li test-id='106' class='node and skip' status='skip'><b>And</b>
						<span class="bdd-step-name">And I select menu item "Locked periods"</span>
							<div class='pre'>skipped</div>
					</li>
					<li test-id='107' class='node then skip' status='skip'><b>Then</b>
						<span class="bdd-step-name">Then Page Header must display "Locked periods"</span>
							<div class='pre'>skipped</div>
					</li>
					<li test-id='108' class='node when skip' status='skip'><b>When</b>
						<span class="bdd-step-name">When I search and delete the locked periods for current week</span>
							<div class='pre'>skipped</div>
					</li>
					<li test-id='109' class='node and skip' status='skip'><b>And</b>
						<span class="bdd-step-name">And I logout from eHour</span>
							<div class='pre'>skipped</div>
					</li>
					<li test-id='110' class='node and skip' status='skip'><b>And</b>
						<span class="bdd-step-name">And I enter valid "mparekh" and "test$123"</span>
							<div class='pre'>skipped</div>
					</li>
					<li test-id='111' class='node then skip' status='skip'><b>Then</b>
						<span class="bdd-step-name">Then I should be able see "Parekh, Malav Ashokkumar" on Welcome Page</span>
							<div class='pre'>skipped</div>
					</li>
					<li test-id='112' class='node and skip' status='skip'><b>And</b>
						<span class="bdd-step-name">And I am navigated to Timesheet page</span>
							<div class='pre'>skipped</div>
					</li>
					<li test-id='113' class='node and skip' status='skip'><b>And</b>
						<span class="bdd-step-name">And I see that the fields are unlocked for the current week</span>
							<div class='pre'>skipped</div>
					</li>
					<li test-id='114' class='node when skip' status='skip'><b>When</b>
						<span class="bdd-step-name">When I logout from eHour</span>
							<div class='pre'>skipped</div>
					</li>
					<li test-id='115' class='node then skip' status='skip'><b>Then</b>
						<span class="bdd-step-name">Then I am successfully logged out</span>
							<div class='pre'>skipped</div>
					</li>
				</ul>
		</li>
	</ul>
</div>
					</div>
				</li>
				
				
				<li class='test displayed active has-leaf fail' status='fail' bdd='true' test-id='116'>
					<div class='test-heading'>
						<span class='test-name'>Project Management Feature</span>
						<span class='test-time'>Jul 24, 2017 03:47:57 PM</span>
						<span class='test-status right fail'>fail</span>
					</div>
					<div class='test-content hide'>
<div class='scenariooutline node' test-id='117' status='fail'>
	<span class='duration right label'>0h 0m 0s+13ms</span>
	<div class='desc'>
		<b>ScenarioOutline</b>
		<span class="desc-text">Project Management</span>
	</div>
	<ul class='steps'>
		<li test-id='118' class='node scenario fail' status='fail'>
			<div class='category-list'>
				<span class='category label white-text'>@ProjectManagement</span>
			</div>
			
			<b>Scenario</b>
			
			<span class="bdd-step-name">Project Management</span>
			
				<ul class='steps'>
					<li test-id='119' class='node given fail' status='fail'><b>Given</b>
						<span class="bdd-step-name">Given Open "chrome" and start application</span>
							<div class='pre'><pre>org.openqa.selenium.WebDriverException: chrome not reachable
  (Session info: headless chrome=59.0.3071.115)
  (Driver info: chromedriver=2.29.461585 (0be2cd95f834e9ee7c46bcc7cf405b483f5ae83b),platform=Mac OS X 10.12.3 x86_64) (WARNING: The server did not provide any stacktrace information)
Command duration or timeout: 4 milliseconds
Build info: version: '3.4.0', revision: 'unknown', time: 'unknown'
System info: host: 'Malav.local', ip: 'fe80:0:0:0:1c55:2c90:32ee:4cdb%en0', os.name: 'Mac OS X', os.arch: 'x86_64', os.version: '10.12.3', java.version: '1.8.0_121'
Driver info: org.openqa.selenium.chrome.ChromeDriver
Capabilities [{applicationCacheEnabled=false, rotatable=false, mobileEmulationEnabled=false, networkConnectionEnabled=false, chrome={chromedriverVersion=2.29.461585 (0be2cd95f834e9ee7c46bcc7cf405b483f5ae83b), userDataDir=/var/folders/l8/b9lpsxmd6sqghzg1l43rl32c0000gp/T/.org.chromium.Chromium.CAq5D0}, takesHeapSnapshot=true, pageLoadStrategy=normal, databaseEnabled=false, handlesAlerts=true, hasTouchScreen=false, version=59.0.3071.115, platform=MAC, browserConnectionEnabled=false, nativeEvents=true, acceptSslCerts=true, locationContextEnabled=true, webStorageEnabled=true, browserName=chrome, takesScreenshot=true, javascriptEnabled=true, cssSelectorsEnabled=true, unexpectedAlertBehaviour=}]
Session ID: 7311720b6952630a68c910d68dbc0736
	at sun.reflect.NativeConstructorAccessorImpl.newInstance0(Native Method)
	at sun.reflect.NativeConstructorAccessorImpl.newInstance(NativeConstructorAccessorImpl.java:62)
	at sun.reflect.DelegatingConstructorAccessorImpl.newInstance(DelegatingConstructorAccessorImpl.java:45)
	at java.lang.reflect.Constructor.newInstance(Constructor.java:423)
	at org.openqa.selenium.remote.ErrorHandler.createThrowable(ErrorHandler.java:215)
	at org.openqa.selenium.remote.ErrorHandler.throwIfResponseFailed(ErrorHandler.java:167)
	at org.openqa.selenium.remote.RemoteWebDriver.execute(RemoteWebDriver.java:671)
	at org.openqa.selenium.remote.RemoteWebDriver.get(RemoteWebDriver.java:364)
	at PageObjects.Page_Login.NavigateTo(Page_Login.java:24)
	at stepDefinition.Steps_Login.OpenWebPageInBrowser(Steps_Login.java:22)
	at ✽.Given Open "chrome" and start application(Feature_ManageProjects.feature:8)
</pre></div>
					</li>
					<li test-id='120' class='node when skip' status='skip'><b>When</b>
						<span class="bdd-step-name">When I enter valid "admin" and "admin"</span>
							<div class='pre'>skipped</div>
					</li>
					<li test-id='121' class='node and skip' status='skip'><b>And</b>
						<span class="bdd-step-name">And I select menu item "Projects"</span>
							<div class='pre'>skipped</div>
					</li>
					<li test-id='122' class='node then skip' status='skip'><b>Then</b>
						<span class="bdd-step-name">Then Page Header must display "Project management"</span>
							<div class='pre'>skipped</div>
					</li>
					<li test-id='123' class='node when skip' status='skip'><b>When</b>
						<span class="bdd-step-name">When I add the following non-existent projects</span>
							<div class='pre'><table><tr><td>Name</td><td>ProjectCode</td><td>Client</td><td>ProjectManager</td><td>Description</td><td>ContactPerson</td><td>DefaultProject</td><td>Billable</td><td>Active</td></tr><tr><td>TestProject</td><td>TPC</td><td>NOB - Nisum Non-Billable</td><td>No projectmanager</td><td>TPC-Desc</td><td>ABC Person</td><td>true</td><td>false</td><td>true</td></tr></table></div>
							<div class='pre'>skipped</div>
					</li>
					<li test-id='124' class='node then skip' status='skip'><b>Then</b>
						<span class="bdd-step-name">Then I can search the following projects</span>
							<div class='pre'><table><tr><td>Name</td><td>ProjectCode</td></tr><tr><td>TestProject</td><td>TPC</td></tr></table></div>
							<div class='pre'>skipped</div>
					</li>
					<li test-id='125' class='node when skip' status='skip'><b>When</b>
						<span class="bdd-step-name">When I modify the following projects</span>
							<div class='pre'><table><tr><td>Name</td><td>ProjectCode</td><td>Client</td><td>ProjectManager</td><td>Description</td><td>ContactPerson</td><td>DefaultProject</td><td>Billable</td><td>Active</td></tr><tr><td>TestProject</td><td>TPC</td><td>NOB - Nisum Non-Billable</td><td>No projectmanager</td><td>TPC-Desc</td><td>ABC Person</td><td>true</td><td>false</td><td>true</td></tr></table></div>
							<div class='pre'>skipped</div>
					</li>
					<li test-id='126' class='node when skip' status='skip'><b>When</b>
						<span class="bdd-step-name">When I delete the following projects</span>
							<div class='pre'><table><tr><td>Name</td><td>ProjectCode</td></tr><tr><td>TestProject</td><td>TPC</td></tr></table></div>
							<div class='pre'>skipped</div>
					</li>
					<li test-id='127' class='node when skip' status='skip'><b>When</b>
						<span class="bdd-step-name">When I logout from eHour</span>
							<div class='pre'>skipped</div>
					</li>
					<li test-id='128' class='node then skip' status='skip'><b>Then</b>
						<span class="bdd-step-name">Then I am successfully logged out</span>
							<div class='pre'>skipped</div>
					</li>
				</ul>
		</li>
	</ul>
</div>
					</div>
				</li>
				
				
				<li class='test displayed active has-leaf fail' status='fail' bdd='true' test-id='129'>
					<div class='test-heading'>
						<span class='test-name'>User Management Feature</span>
						<span class='test-time'>Jul 24, 2017 03:47:57 PM</span>
						<span class='test-status right fail'>fail</span>
					</div>
					<div class='test-content hide'>
<div class='scenariooutline node' test-id='130' status='fail'>
	<span class='duration right label'>0h 0m 0s+8ms</span>
	<div class='desc'>
		<b>ScenarioOutline</b>
		<span class="desc-text">Create Users</span>
	</div>
	<ul class='steps'>
		<li test-id='131' class='node scenario fail' status='fail'>
			<div class='category-list'>
				<span class='category label white-text'>@UserManagementFeature</span>
				<span class='category label white-text'>@CreateUsers</span>
			</div>
			
			<b>Scenario</b>
			
			<span class="bdd-step-name">Create Users</span>
			
				<ul class='steps'>
					<li test-id='132' class='node given fail' status='fail'><b>Given</b>
						<span class="bdd-step-name">Given Open "chrome" and start application</span>
							<div class='pre'><pre>org.openqa.selenium.WebDriverException: chrome not reachable
  (Session info: headless chrome=59.0.3071.115)
  (Driver info: chromedriver=2.29.461585 (0be2cd95f834e9ee7c46bcc7cf405b483f5ae83b),platform=Mac OS X 10.12.3 x86_64) (WARNING: The server did not provide any stacktrace information)
Command duration or timeout: 4 milliseconds
Build info: version: '3.4.0', revision: 'unknown', time: 'unknown'
System info: host: 'Malav.local', ip: 'fe80:0:0:0:1c55:2c90:32ee:4cdb%en0', os.name: 'Mac OS X', os.arch: 'x86_64', os.version: '10.12.3', java.version: '1.8.0_121'
Driver info: org.openqa.selenium.chrome.ChromeDriver
Capabilities [{applicationCacheEnabled=false, rotatable=false, mobileEmulationEnabled=false, networkConnectionEnabled=false, chrome={chromedriverVersion=2.29.461585 (0be2cd95f834e9ee7c46bcc7cf405b483f5ae83b), userDataDir=/var/folders/l8/b9lpsxmd6sqghzg1l43rl32c0000gp/T/.org.chromium.Chromium.CAq5D0}, takesHeapSnapshot=true, pageLoadStrategy=normal, databaseEnabled=false, handlesAlerts=true, hasTouchScreen=false, version=59.0.3071.115, platform=MAC, browserConnectionEnabled=false, nativeEvents=true, acceptSslCerts=true, locationContextEnabled=true, webStorageEnabled=true, browserName=chrome, takesScreenshot=true, javascriptEnabled=true, cssSelectorsEnabled=true, unexpectedAlertBehaviour=}]
Session ID: 7311720b6952630a68c910d68dbc0736
	at sun.reflect.NativeConstructorAccessorImpl.newInstance0(Native Method)
	at sun.reflect.NativeConstructorAccessorImpl.newInstance(NativeConstructorAccessorImpl.java:62)
	at sun.reflect.DelegatingConstructorAccessorImpl.newInstance(DelegatingConstructorAccessorImpl.java:45)
	at java.lang.reflect.Constructor.newInstance(Constructor.java:423)
	at org.openqa.selenium.remote.ErrorHandler.createThrowable(ErrorHandler.java:215)
	at org.openqa.selenium.remote.ErrorHandler.throwIfResponseFailed(ErrorHandler.java:167)
	at org.openqa.selenium.remote.RemoteWebDriver.execute(RemoteWebDriver.java:671)
	at org.openqa.selenium.remote.RemoteWebDriver.get(RemoteWebDriver.java:364)
	at PageObjects.Page_Login.NavigateTo(Page_Login.java:24)
	at stepDefinition.Steps_Login.OpenWebPageInBrowser(Steps_Login.java:22)
	at ✽.Given Open "chrome" and start application(Feature_ManageUsers.feature:7)
</pre></div>
					</li>
					<li test-id='133' class='node when skip' status='skip'><b>When</b>
						<span class="bdd-step-name">When I enter valid "admin" and "admin"</span>
							<div class='pre'>skipped</div>
					</li>
					<li test-id='134' class='node then skip' status='skip'><b>Then</b>
						<span class="bdd-step-name">Then I should be able see "Admin, eHour" on Welcome Page</span>
							<div class='pre'>skipped</div>
					</li>
				</ul>
		</li>
	</ul>
</div>
<div class='scenariooutline node' test-id='135' status='fail'>
	<span class='duration right label'>0h 0m 0s+16ms</span>
	<div class='desc'>
		<b>ScenarioOutline</b>
		<span class="desc-text">Create and Delete User</span>
	</div>
	<ul class='steps'>
		<li test-id='136' class='node scenario fail' status='fail'>
			<div class='category-list'>
				<span class='category label white-text'>@UserManagementFeature</span>
				<span class='category label white-text'>@CreateDeleteUser</span>
			</div>
			
			<b>Scenario</b>
			
			<span class="bdd-step-name">Create and Delete User</span>
			
				<ul class='steps'>
					<li test-id='137' class='node given fail' status='fail'><b>Given</b>
						<span class="bdd-step-name">Given Open "chrome" and start application</span>
							<div class='pre'><pre>org.openqa.selenium.WebDriverException: chrome not reachable
  (Session info: headless chrome=59.0.3071.115)
  (Driver info: chromedriver=2.29.461585 (0be2cd95f834e9ee7c46bcc7cf405b483f5ae83b),platform=Mac OS X 10.12.3 x86_64) (WARNING: The server did not provide any stacktrace information)
Command duration or timeout: 3 milliseconds
Build info: version: '3.4.0', revision: 'unknown', time: 'unknown'
System info: host: 'Malav.local', ip: 'fe80:0:0:0:1c55:2c90:32ee:4cdb%en0', os.name: 'Mac OS X', os.arch: 'x86_64', os.version: '10.12.3', java.version: '1.8.0_121'
Driver info: org.openqa.selenium.chrome.ChromeDriver
Capabilities [{applicationCacheEnabled=false, rotatable=false, mobileEmulationEnabled=false, networkConnectionEnabled=false, chrome={chromedriverVersion=2.29.461585 (0be2cd95f834e9ee7c46bcc7cf405b483f5ae83b), userDataDir=/var/folders/l8/b9lpsxmd6sqghzg1l43rl32c0000gp/T/.org.chromium.Chromium.CAq5D0}, takesHeapSnapshot=true, pageLoadStrategy=normal, databaseEnabled=false, handlesAlerts=true, hasTouchScreen=false, version=59.0.3071.115, platform=MAC, browserConnectionEnabled=false, nativeEvents=true, acceptSslCerts=true, locationContextEnabled=true, webStorageEnabled=true, browserName=chrome, takesScreenshot=true, javascriptEnabled=true, cssSelectorsEnabled=true, unexpectedAlertBehaviour=}]
Session ID: 7311720b6952630a68c910d68dbc0736
	at sun.reflect.NativeConstructorAccessorImpl.newInstance0(Native Method)
	at sun.reflect.NativeConstructorAccessorImpl.newInstance(NativeConstructorAccessorImpl.java:62)
	at sun.reflect.DelegatingConstructorAccessorImpl.newInstance(DelegatingConstructorAccessorImpl.java:45)
	at java.lang.reflect.Constructor.newInstance(Constructor.java:423)
	at org.openqa.selenium.remote.ErrorHandler.createThrowable(ErrorHandler.java:215)
	at org.openqa.selenium.remote.ErrorHandler.throwIfResponseFailed(ErrorHandler.java:167)
	at org.openqa.selenium.remote.RemoteWebDriver.execute(RemoteWebDriver.java:671)
	at org.openqa.selenium.remote.RemoteWebDriver.get(RemoteWebDriver.java:364)
	at PageObjects.Page_Login.NavigateTo(Page_Login.java:24)
	at stepDefinition.Steps_Login.OpenWebPageInBrowser(Steps_Login.java:22)
	at ✽.Given Open "chrome" and start application(Feature_ManageUsers.feature:39)
</pre></div>
					</li>
					<li test-id='138' class='node when skip' status='skip'><b>When</b>
						<span class="bdd-step-name">When I enter valid "admin" and "admin"</span>
							<div class='pre'>skipped</div>
					</li>
					<li test-id='139' class='node then skip' status='skip'><b>Then</b>
						<span class="bdd-step-name">Then I should be able see "Admin, eHour" on Welcome Page</span>
							<div class='pre'>skipped</div>
					</li>
					<li test-id='140' class='node when skip' status='skip'><b>When</b>
						<span class="bdd-step-name">When I select menu item "Users"</span>
							<div class='pre'>skipped</div>
					</li>
					<li test-id='141' class='node then skip' status='skip'><b>Then</b>
						<span class="bdd-step-name">Then Page Header must display "User management"</span>
							<div class='pre'>skipped</div>
					</li>
					<li test-id='142' class='node when skip' status='skip'><b>When</b>
						<span class="bdd-step-name">When I add a new user with the following details if non existent</span>
							<div class='pre'><table><tr><td>Username</td><td>FirstName</td><td>LastName</td><td>Email</td><td>Password</td><td>ConfirmPassword</td><td>Department</td><td>UserRole</td><td>Active</td><td>AssignToProjectAfterSave</td><td>Country</td><td>Location</td><td>EmployeeType</td><td>TimeSheetApprover</td></tr><tr><td>testuser</td><td>test</td><td>user</td><td>tu@nisum.com</td><td>Nisum$123</td><td>Nisum$123</td><td>Offshore</td><td>User</td><td>true</td><td>false</td><td>Pakistan</td><td>Karachi</td><td>Nisum</td><td>Lim, Karin</td></tr></table></div>
							<div class='pre'>skipped</div>
					</li>
					<li test-id='143' class='node then skip' status='skip'><b>Then</b>
						<span class="bdd-step-name">Then I can search the client by Client Name "testuser"</span>
							<div class='pre'>skipped</div>
					</li>
					<li test-id='144' class='node when skip' status='skip'><b>When</b>
						<span class="bdd-step-name">When I logout from eHour</span>
							<div class='pre'>skipped</div>
					</li>
					<li test-id='145' class='node then skip' status='skip'><b>Then</b>
						<span class="bdd-step-name">Then I am successfully logged out</span>
							<div class='pre'>skipped</div>
					</li>
					<li test-id='146' class='node when skip' status='skip'><b>When</b>
						<span class="bdd-step-name">When I enter valid "testuser" and "Nisum123"</span>
							<div class='pre'>skipped</div>
					</li>
					<li test-id='147' class='node then skip' status='skip'><b>Then</b>
						<span class="bdd-step-name">Then I should be able see "user, test" on Welcome Page</span>
							<div class='pre'>skipped</div>
					</li>
					<li test-id='148' class='node when skip' status='skip'><b>When</b>
						<span class="bdd-step-name">When I logout from eHour</span>
							<div class='pre'>skipped</div>
					</li>
					<li test-id='149' class='node then skip' status='skip'><b>Then</b>
						<span class="bdd-step-name">Then I am successfully logged out</span>
							<div class='pre'>skipped</div>
					</li>
					<li test-id='150' class='node when skip' status='skip'><b>When</b>
						<span class="bdd-step-name">When I enter valid "admin" and "admin"</span>
							<div class='pre'>skipped</div>
					</li>
					<li test-id='151' class='node then skip' status='skip'><b>Then</b>
						<span class="bdd-step-name">Then I should be able see "Admin, eHour" on Welcome Page</span>
							<div class='pre'>skipped</div>
					</li>
					<li test-id='152' class='node when skip' status='skip'><b>When</b>
						<span class="bdd-step-name">When I select menu item "Users"</span>
							<div class='pre'>skipped</div>
					</li>
					<li test-id='153' class='node when skip' status='skip'><b>When</b>
						<span class="bdd-step-name">When I delete the user with username - "testuser"</span>
							<div class='pre'>skipped</div>
					</li>
					<li test-id='154' class='node then skip' status='skip'><b>Then</b>
						<span class="bdd-step-name">Then I cannot search the user with the username - "testuser"</span>
							<div class='pre'>skipped</div>
					</li>
					<li test-id='155' class='node when skip' status='skip'><b>When</b>
						<span class="bdd-step-name">When I logout from eHour</span>
							<div class='pre'>skipped</div>
					</li>
					<li test-id='156' class='node then skip' status='skip'><b>Then</b>
						<span class="bdd-step-name">Then I am successfully logged out</span>
							<div class='pre'>skipped</div>
					</li>
				</ul>
		</li>
	</ul>
</div>
<div class='scenariooutline node' test-id='157' status='fail'>
	<span class='duration right label'>0h 0m 0s+10ms</span>
	<div class='desc'>
		<b>ScenarioOutline</b>
		<span class="desc-text">Edit User</span>
	</div>
	<ul class='steps'>
		<li test-id='158' class='node scenario fail' status='fail'>
			<div class='category-list'>
				<span class='category label white-text'>@UserManagementFeature</span>
				<span class='category label white-text'>@EditUser</span>
			</div>
			
			<b>Scenario</b>
			
			<span class="bdd-step-name">Edit User</span>
			
				<ul class='steps'>
					<li test-id='159' class='node given fail' status='fail'><b>Given</b>
						<span class="bdd-step-name">Given Open "chrome" and start application</span>
							<div class='pre'><pre>org.openqa.selenium.WebDriverException: chrome not reachable
  (Session info: headless chrome=59.0.3071.115)
  (Driver info: chromedriver=2.29.461585 (0be2cd95f834e9ee7c46bcc7cf405b483f5ae83b),platform=Mac OS X 10.12.3 x86_64) (WARNING: The server did not provide any stacktrace information)
Command duration or timeout: 4 milliseconds
Build info: version: '3.4.0', revision: 'unknown', time: 'unknown'
System info: host: 'Malav.local', ip: 'fe80:0:0:0:1c55:2c90:32ee:4cdb%en0', os.name: 'Mac OS X', os.arch: 'x86_64', os.version: '10.12.3', java.version: '1.8.0_121'
Driver info: org.openqa.selenium.chrome.ChromeDriver
Capabilities [{applicationCacheEnabled=false, rotatable=false, mobileEmulationEnabled=false, networkConnectionEnabled=false, chrome={chromedriverVersion=2.29.461585 (0be2cd95f834e9ee7c46bcc7cf405b483f5ae83b), userDataDir=/var/folders/l8/b9lpsxmd6sqghzg1l43rl32c0000gp/T/.org.chromium.Chromium.CAq5D0}, takesHeapSnapshot=true, pageLoadStrategy=normal, databaseEnabled=false, handlesAlerts=true, hasTouchScreen=false, version=59.0.3071.115, platform=MAC, browserConnectionEnabled=false, nativeEvents=true, acceptSslCerts=true, locationContextEnabled=true, webStorageEnabled=true, browserName=chrome, takesScreenshot=true, javascriptEnabled=true, cssSelectorsEnabled=true, unexpectedAlertBehaviour=}]
Session ID: 7311720b6952630a68c910d68dbc0736
	at sun.reflect.NativeConstructorAccessorImpl.newInstance0(Native Method)
	at sun.reflect.NativeConstructorAccessorImpl.newInstance(NativeConstructorAccessorImpl.java:62)
	at sun.reflect.DelegatingConstructorAccessorImpl.newInstance(DelegatingConstructorAccessorImpl.java:45)
	at java.lang.reflect.Constructor.newInstance(Constructor.java:423)
	at org.openqa.selenium.remote.ErrorHandler.createThrowable(ErrorHandler.java:215)
	at org.openqa.selenium.remote.ErrorHandler.throwIfResponseFailed(ErrorHandler.java:167)
	at org.openqa.selenium.remote.RemoteWebDriver.execute(RemoteWebDriver.java:671)
	at org.openqa.selenium.remote.RemoteWebDriver.get(RemoteWebDriver.java:364)
	at PageObjects.Page_Login.NavigateTo(Page_Login.java:24)
	at stepDefinition.Steps_Login.OpenWebPageInBrowser(Steps_Login.java:22)
	at ✽.Given Open "chrome" and start application(Feature_ManageUsers.feature:99)
</pre></div>
					</li>
					<li test-id='160' class='node when skip' status='skip'><b>When</b>
						<span class="bdd-step-name">When I enter valid "admin" and "admin"</span>
							<div class='pre'>skipped</div>
					</li>
					<li test-id='161' class='node then skip' status='skip'><b>Then</b>
						<span class="bdd-step-name">Then I should be able see "Admin, eHour" on Welcome Page</span>
							<div class='pre'>skipped</div>
					</li>
					<li test-id='162' class='node when skip' status='skip'><b>When</b>
						<span class="bdd-step-name">When I select menu item "Users"</span>
							<div class='pre'>skipped</div>
					</li>
					<li test-id='163' class='node then skip' status='skip'><b>Then</b>
						<span class="bdd-step-name">Then Page Header must display "User management"</span>
							<div class='pre'>skipped</div>
					</li>
					<li test-id='164' class='node when skip' status='skip'><b>When</b>
						<span class="bdd-step-name">When I add a new user with the following details if non existent</span>
							<div class='pre'><table><tr><td>Username</td><td>FirstName</td><td>LastName</td><td>Email</td><td>Password</td><td>ConfirmPassword</td><td>Department</td><td>UserRoles</td><td>Active</td><td>AssignToProjectAfterSave</td><td>Country</td><td>Location</td><td>EmployeeType</td><td>TimesheetApprover</td></tr><tr><td>testuser</td><td>test</td><td>user</td><td>tuser@nisum.com</td><td>Nisum123</td><td>Nisum123</td><td>Offshore</td><td>User</td><td>true</td><td>false</td><td>India</td><td>Hydrabad</td><td>Android</td><td>Parekh, Malav Ashokkumar</td></tr></table></div>
							<div class='pre'>skipped</div>
					</li>
					<li test-id='165' class='node when skip' status='skip'><b>When</b>
						<span class="bdd-step-name">When I edit a user with the following details</span>
							<div class='pre'><table><tr><td>Username</td><td>FirstName</td><td>LastName</td><td>Email</td><td>Password</td><td>ConfirmPassword</td><td>Department</td><td>UserRoles</td><td>Active</td><td>Country</td><td>Location</td><td>EmployeeType</td><td>TimesheetApprover</td></tr><tr><td>testuser</td><td></td><td></td><td></td><td>Nisum$123</td><td>Nisum$123</td><td></td><td></td><td>true</td><td></td><td></td><td>Nisum</td><td></td></tr></table></div>
							<div class='pre'>skipped</div>
					</li>
					<li test-id='166' class='node when skip' status='skip'><b>When</b>
						<span class="bdd-step-name">When I logout from eHour</span>
							<div class='pre'>skipped</div>
					</li>
					<li test-id='167' class='node then skip' status='skip'><b>Then</b>
						<span class="bdd-step-name">Then I am successfully logged out</span>
							<div class='pre'>skipped</div>
					</li>
				</ul>
		</li>
	</ul>
</div>
					</div>
				</li>
				
				
				<li class='test displayed active has-leaf fail' status='fail' bdd='true' test-id='168'>
					<div class='test-heading'>
						<span class='test-name'>Single SignOn</span>
						<span class='test-time'>Jul 24, 2017 03:47:57 PM</span>
						<span class='test-status right fail'>fail</span>
					</div>
					<div class='test-content hide'>
<div class='scenariooutline node' test-id='169' status='fail'>
	<span class='duration right label'>0h 0m 0s+7ms</span>
	<div class='desc'>
		<b>ScenarioOutline</b>
		<span class="desc-text">Verify the Single Sign On is working for Google+ through e-hour</span>
	</div>
	<ul class='steps'>
		<li test-id='170' class='node scenario fail' status='fail'>
			<div class='category-list'>
				<span class='category label white-text'>@FeatureSingleSignOn</span>
				<span class='category label white-text'>@ScenarioSingleSignOn</span>
			</div>
			
			<b>Scenario</b>
			
			<span class="bdd-step-name">Verify the Single Sign On is working for Google+ through e-hour</span>
			
				<ul class='steps'>
					<li test-id='171' class='node given fail' status='fail'><b>Given</b>
						<span class="bdd-step-name">Given Open "chrome" and launch google</span>
							<div class='pre'><pre>org.openqa.selenium.WebDriverException: chrome not reachable
  (Session info: headless chrome=59.0.3071.115)
  (Driver info: chromedriver=2.29.461585 (0be2cd95f834e9ee7c46bcc7cf405b483f5ae83b),platform=Mac OS X 10.12.3 x86_64) (WARNING: The server did not provide any stacktrace information)
Command duration or timeout: 3 milliseconds
Build info: version: '3.4.0', revision: 'unknown', time: 'unknown'
System info: host: 'Malav.local', ip: 'fe80:0:0:0:1c55:2c90:32ee:4cdb%en0', os.name: 'Mac OS X', os.arch: 'x86_64', os.version: '10.12.3', java.version: '1.8.0_121'
Driver info: org.openqa.selenium.chrome.ChromeDriver
Capabilities [{applicationCacheEnabled=false, rotatable=false, mobileEmulationEnabled=false, networkConnectionEnabled=false, chrome={chromedriverVersion=2.29.461585 (0be2cd95f834e9ee7c46bcc7cf405b483f5ae83b), userDataDir=/var/folders/l8/b9lpsxmd6sqghzg1l43rl32c0000gp/T/.org.chromium.Chromium.CAq5D0}, takesHeapSnapshot=true, pageLoadStrategy=normal, databaseEnabled=false, handlesAlerts=true, hasTouchScreen=false, version=59.0.3071.115, platform=MAC, browserConnectionEnabled=false, nativeEvents=true, acceptSslCerts=true, locationContextEnabled=true, webStorageEnabled=true, browserName=chrome, takesScreenshot=true, javascriptEnabled=true, cssSelectorsEnabled=true, unexpectedAlertBehaviour=}]
Session ID: 7311720b6952630a68c910d68dbc0736
	at sun.reflect.GeneratedConstructorAccessor17.newInstance(Unknown Source)
	at sun.reflect.DelegatingConstructorAccessorImpl.newInstance(DelegatingConstructorAccessorImpl.java:45)
	at java.lang.reflect.Constructor.newInstance(Constructor.java:423)
	at org.openqa.selenium.remote.ErrorHandler.createThrowable(ErrorHandler.java:215)
	at org.openqa.selenium.remote.ErrorHandler.throwIfResponseFailed(ErrorHandler.java:167)
	at org.openqa.selenium.remote.RemoteWebDriver.execute(RemoteWebDriver.java:671)
	at org.openqa.selenium.remote.RemoteWebDriver.execute(RemoteWebDriver.java:694)
	at org.openqa.selenium.remote.RemoteWebDriver$RemoteWebDriverOptions.deleteAllCookies(RemoteWebDriver.java:776)
	at PageObjects.Page_Login.NavigateToGoogle(Page_Login.java:51)
	at stepDefinition.Steps_Login.open_and_launch_google(Steps_Login.java:88)
	at ✽.Given Open "chrome" and launch google(Feature_SSO.feature:7)
</pre></div>
					</li>
					<li test-id='172' class='node when skip' status='skip'><b>When</b>
						<span class="bdd-step-name">When I login to google with username "ehoursupport@nisum.com" and password "ehour@123"</span>
							<div class='pre'>skipped</div>
					</li>
					<li test-id='173' class='node and skip' status='skip'><b>And</b>
						<span class="bdd-step-name">And I load eHour Application Home Page</span>
							<div class='pre'>skipped</div>
					</li>
					<li test-id='174' class='node when skip' status='skip'><b>When</b>
						<span class="bdd-step-name">When I login to eHour using Single Signon as "ehoursupport@nisum.com"</span>
							<div class='pre'>skipped</div>
					</li>
					<li test-id='175' class='node then skip' status='skip'><b>Then</b>
						<span class="bdd-step-name">Then I should be able see "Support, eHour" on Welcome Page</span>
							<div class='pre'>skipped</div>
					</li>
					<li test-id='176' class='node and skip' status='skip'><b>And</b>
						<span class="bdd-step-name">And I am navigated to Timesheet page</span>
							<div class='pre'>skipped</div>
					</li>
					<li test-id='177' class='node when skip' status='skip'><b>When</b>
						<span class="bdd-step-name">When I logout from eHour</span>
							<div class='pre'>skipped</div>
					</li>
					<li test-id='178' class='node then skip' status='skip'><b>Then</b>
						<span class="bdd-step-name">Then I am successfully logged out</span>
							<div class='pre'>skipped</div>
					</li>
				</ul>
		</li>
	</ul>
</div>
<div class='scenariooutline node' test-id='179' status='fail'>
	<span class='duration right label'>0h 0m 0s+15ms</span>
	<div class='desc'>
		<b>ScenarioOutline</b>
		<span class="desc-text">Verify the Single Sign On for Inactive user</span>
	</div>
	<ul class='steps'>
		<li test-id='180' class='node scenario fail' status='fail'>
			<div class='category-list'>
				<span class='category label white-text'>@FeatureSingleSignOn</span>
				<span class='category label white-text'>@ScenarioInactiveUserSingleSignOn</span>
			</div>
			
			<b>Scenario</b>
			
			<span class="bdd-step-name">Verify the Single Sign On for Inactive user</span>
			
				<ul class='steps'>
					<li test-id='181' class='node given fail' status='fail'><b>Given</b>
						<span class="bdd-step-name">Given Open "chrome" and start application</span>
							<div class='pre'><pre>org.openqa.selenium.WebDriverException: chrome not reachable
  (Session info: headless chrome=59.0.3071.115)
  (Driver info: chromedriver=2.29.461585 (0be2cd95f834e9ee7c46bcc7cf405b483f5ae83b),platform=Mac OS X 10.12.3 x86_64) (WARNING: The server did not provide any stacktrace information)
Command duration or timeout: 3 milliseconds
Build info: version: '3.4.0', revision: 'unknown', time: 'unknown'
System info: host: 'Malav.local', ip: 'fe80:0:0:0:1c55:2c90:32ee:4cdb%en0', os.name: 'Mac OS X', os.arch: 'x86_64', os.version: '10.12.3', java.version: '1.8.0_121'
Driver info: org.openqa.selenium.chrome.ChromeDriver
Capabilities [{applicationCacheEnabled=false, rotatable=false, mobileEmulationEnabled=false, networkConnectionEnabled=false, chrome={chromedriverVersion=2.29.461585 (0be2cd95f834e9ee7c46bcc7cf405b483f5ae83b), userDataDir=/var/folders/l8/b9lpsxmd6sqghzg1l43rl32c0000gp/T/.org.chromium.Chromium.CAq5D0}, takesHeapSnapshot=true, pageLoadStrategy=normal, databaseEnabled=false, handlesAlerts=true, hasTouchScreen=false, version=59.0.3071.115, platform=MAC, browserConnectionEnabled=false, nativeEvents=true, acceptSslCerts=true, locationContextEnabled=true, webStorageEnabled=true, browserName=chrome, takesScreenshot=true, javascriptEnabled=true, cssSelectorsEnabled=true, unexpectedAlertBehaviour=}]
Session ID: 7311720b6952630a68c910d68dbc0736
	at sun.reflect.GeneratedConstructorAccessor17.newInstance(Unknown Source)
	at sun.reflect.DelegatingConstructorAccessorImpl.newInstance(DelegatingConstructorAccessorImpl.java:45)
	at java.lang.reflect.Constructor.newInstance(Constructor.java:423)
	at org.openqa.selenium.remote.ErrorHandler.createThrowable(ErrorHandler.java:215)
	at org.openqa.selenium.remote.ErrorHandler.throwIfResponseFailed(ErrorHandler.java:167)
	at org.openqa.selenium.remote.RemoteWebDriver.execute(RemoteWebDriver.java:671)
	at org.openqa.selenium.remote.RemoteWebDriver.get(RemoteWebDriver.java:364)
	at PageObjects.Page_Login.NavigateTo(Page_Login.java:24)
	at stepDefinition.Steps_Login.OpenWebPageInBrowser(Steps_Login.java:22)
	at ✽.Given Open "chrome" and start application(Feature_SSO.feature:46)
</pre></div>
					</li>
					<li test-id='182' class='node when skip' status='skip'><b>When</b>
						<span class="bdd-step-name">When I enter valid "admin" and "admin"</span>
							<div class='pre'>skipped</div>
					</li>
					<li test-id='183' class='node then skip' status='skip'><b>Then</b>
						<span class="bdd-step-name">Then I should be able see "Admin, eHour" on Welcome Page</span>
							<div class='pre'>skipped</div>
					</li>
					<li test-id='184' class='node when skip' status='skip'><b>When</b>
						<span class="bdd-step-name">When I select menu item "Users"</span>
							<div class='pre'>skipped</div>
					</li>
					<li test-id='185' class='node then skip' status='skip'><b>Then</b>
						<span class="bdd-step-name">Then Page Header must display "User management"</span>
							<div class='pre'>skipped</div>
					</li>
					<li test-id='186' class='node when skip' status='skip'><b>When</b>
						<span class="bdd-step-name">When I set Show Inactive flag to "true"</span>
							<div class='pre'>skipped</div>
					</li>
					<li test-id='187' class='node when skip' status='skip'><b>When</b>
						<span class="bdd-step-name">When I edit a user with the following details</span>
							<div class='pre'><table><tr><td>Username</td><td>FirstName</td><td>LastName</td><td>Email</td><td>Password</td><td>ConfirmPassword</td><td>Department</td><td>UserRoles</td><td>Active</td><td>Country</td><td>Location</td><td>EmployeeType</td></tr><tr><td>ehoursupport</td><td></td><td></td><td></td><td></td><td></td><td></td><td></td><td>false</td><td></td><td></td><td>Nisum</td></tr></table></div>
							<div class='pre'>skipped</div>
					</li>
					<li test-id='188' class='node when skip' status='skip'><b>When</b>
						<span class="bdd-step-name">When I logout from eHour</span>
							<div class='pre'>skipped</div>
					</li>
					<li test-id='189' class='node then skip' status='skip'><b>Then</b>
						<span class="bdd-step-name">Then I am successfully logged out</span>
							<div class='pre'>skipped</div>
					</li>
					<li test-id='190' class='node given skip' status='skip'><b>Given</b>
						<span class="bdd-step-name">Given Open "chrome" and launch google</span>
							<div class='pre'>skipped</div>
					</li>
					<li test-id='191' class='node when skip' status='skip'><b>When</b>
						<span class="bdd-step-name">When I login to google with username "ehoursupport@nisum.com" and password "ehour@123"</span>
							<div class='pre'>skipped</div>
					</li>
					<li test-id='192' class='node and skip' status='skip'><b>And</b>
						<span class="bdd-step-name">And I load eHour Application Home Page</span>
							<div class='pre'>skipped</div>
					</li>
					<li test-id='193' class='node when skip' status='skip'><b>When</b>
						<span class="bdd-step-name">When I login to eHour using Single Signon as "ehoursupport@nisum.com"</span>
							<div class='pre'>skipped</div>
					</li>
					<li test-id='194' class='node then skip' status='skip'><b>Then</b>
						<span class="bdd-step-name">Then I should see the error "incorrect username and password combination"</span>
							<div class='pre'>skipped</div>
					</li>
					<li test-id='195' class='node given skip' status='skip'><b>Given</b>
						<span class="bdd-step-name">Given Open "chrome" and start application</span>
							<div class='pre'>skipped</div>
					</li>
					<li test-id='196' class='node when skip' status='skip'><b>When</b>
						<span class="bdd-step-name">When I enter valid "admin" and "admin"</span>
							<div class='pre'>skipped</div>
					</li>
					<li test-id='197' class='node then skip' status='skip'><b>Then</b>
						<span class="bdd-step-name">Then I should be able see "Admin, eHour" on Welcome Page</span>
							<div class='pre'>skipped</div>
					</li>
					<li test-id='198' class='node when skip' status='skip'><b>When</b>
						<span class="bdd-step-name">When I select menu item "Users"</span>
							<div class='pre'>skipped</div>
					</li>
					<li test-id='199' class='node then skip' status='skip'><b>Then</b>
						<span class="bdd-step-name">Then Page Header must display "User management"</span>
							<div class='pre'>skipped</div>
					</li>
					<li test-id='200' class='node when skip' status='skip'><b>When</b>
						<span class="bdd-step-name">When I set Show Inactive flag to "true"</span>
							<div class='pre'>skipped</div>
					</li>
					<li test-id='201' class='node when skip' status='skip'><b>When</b>
						<span class="bdd-step-name">When I edit a user with the following details</span>
							<div class='pre'><table><tr><td>Username</td><td>FirstName</td><td>LastName</td><td>Email</td><td>Password</td><td>ConfirmPassword</td><td>Department</td><td>UserRoles</td><td>Active</td><td>Country</td><td>Location</td><td>EmployeeType</td></tr><tr><td>ehoursupport</td><td></td><td></td><td></td><td></td><td></td><td></td><td></td><td>true</td><td></td><td></td><td>Nisum</td></tr></table></div>
							<div class='pre'>skipped</div>
					</li>
					<li test-id='202' class='node when skip' status='skip'><b>When</b>
						<span class="bdd-step-name">When I logout from eHour</span>
							<div class='pre'>skipped</div>
					</li>
					<li test-id='203' class='node then skip' status='skip'><b>Then</b>
						<span class="bdd-step-name">Then I am successfully logged out</span>
							<div class='pre'>skipped</div>
					</li>
					<li test-id='204' class='node given skip' status='skip'><b>Given</b>
						<span class="bdd-step-name">Given Open "chrome" and launch google</span>
							<div class='pre'>skipped</div>
					</li>
					<li test-id='205' class='node then skip' status='skip'><b>Then</b>
						<span class="bdd-step-name">Then I am successfully logged out from Google</span>
							<div class='pre'>skipped</div>
					</li>
					<li test-id='206' class='node when skip' status='skip'><b>When</b>
						<span class="bdd-step-name">When I login to google with username "ehoursupport@nisum.com" and password "ehour@123"</span>
							<div class='pre'>skipped</div>
					</li>
					<li test-id='207' class='node and skip' status='skip'><b>And</b>
						<span class="bdd-step-name">And I load eHour Application Home Page</span>
							<div class='pre'>skipped</div>
					</li>
					<li test-id='208' class='node when skip' status='skip'><b>When</b>
						<span class="bdd-step-name">When I login to eHour using Single Signon as "ehoursupport@nisum.com"</span>
							<div class='pre'>skipped</div>
					</li>
					<li test-id='209' class='node then skip' status='skip'><b>Then</b>
						<span class="bdd-step-name">Then I should be able see "Support, eHour" on Welcome Page</span>
							<div class='pre'>skipped</div>
					</li>
					<li test-id='210' class='node when skip' status='skip'><b>When</b>
						<span class="bdd-step-name">When I logout from eHour</span>
							<div class='pre'>skipped</div>
					</li>
					<li test-id='211' class='node then skip' status='skip'><b>Then</b>
						<span class="bdd-step-name">Then I am successfully logged out</span>
							<div class='pre'>skipped</div>
					</li>
				</ul>
		</li>
	</ul>
</div>
					</div>
				</li>
				
				
				<li class='test displayed active has-leaf pass' status='pass' bdd='true' test-id='212'>
					<div class='test-heading'>
						<span class='test-name'>Fill Timesheet Feature</span>
						<span class='test-time'>Jul 24, 2017 03:47:57 PM</span>
						<span class='test-status right pass'>pass</span>
					</div>
					<div class='test-content hide'>
<div class='scenariooutline node' test-id='213' status='pass'>
	<span class='duration right label'>0h 0m 0s+0ms</span>
	<div class='desc'>
		<b>ScenarioOutline</b>
		<span class="desc-text">User fills timesheet</span>
	</div>
</div>
					</div>
				</li>
			</ul>
		</div>
	</div>
	<!-- subview left -->

	<div class='subview-right left'>
		<div class='view-summary'>
			<h5 class='test-name'></h5>

			<div id='step-filters' class="right">
				<span class="blue-text" status="info" alt="info" title="info"><i class="material-icons">info_outline</i></span>
				<span class="green-text" status="pass" alt="pass" title="pass"><i class="material-icons">check_circle</i></span>
				<span class="red-text" status="fail" alt="fail" title="fail"><i class="material-icons">cancel</i></span>
				<span class="red-text text-darken-4" status="fatal" alt="fatal" title="fatal"><i class="material-icons">cancel</i></span>
				<span class="pink-text text-lighten-1" status="error" alt="error" title="error"><i class="material-icons">error</i></span>
				<span class="orange-text" alt="warning" status="warning" title="warning"><i class="material-icons">warning</i></span>
				<span class="teal-text" status="skip" alt="skip" title="skip"><i class="material-icons">redo</i></span>
				<span status="clear" alt="Clear filters" title="Clear filters"><i class="material-icons">clear</i></span>
			</div>
		</div>
	</div>
	<!-- subview right -->

</div>
<!-- test view -->
<div id='category-view' class='view hide'>

	<section id='controls'>
		<div class='controls grey lighten-4'>
			<!-- search -->
			<div class='chip transparent' alt='Search Tests' title='Search Tests'>
				<a href="#" class='search-div'>
					<i class='material-icons'>search</i> Search
				</a>
				
				<div class='input-field left hide'>
					<input id='search-tests' type='text' class='validate browser-default' placeholder='Search Tests...'>
				</div>
				
			</div>
			<!-- search -->
		</div>
	</section>

	<div class='subview-left left'>
		
		<div class='view-summary'>
			<h5>Categories</h3>
			<ul id='category-collection' class='category-collection'>
				
				<li class='category displayed active'>
					<div class='category-heading'>
						<span class='category-name'>@AssignProjectAfterSave</span>
						<span class='category-status right'>
							<span class='label fail'>1</span>
						</span>
					</div>
					<div class='category-content hide'>
						<div class='category-status-counts'>
							
							<span class='label red lighten-1 white-text'>Failed: 1</span>
							
						</div>
					
						<div class='category-tests'>
							<table class='bordered table-results'>
								<thead>
									<tr>
										<th>Timestamp</th>
										<th>TestName</th>
										<th>Status</th>
									</tr>
								</thead>
								<tbody>
									<tr>
										<td>Jul 24, 2017 03:44:20 PM</td>
										<td class='linked' test-id='3'>Assign To Project After Save.Assign To Project After Save.Assign To Project After Save</td>
										<td><span class='test-status fail'>fail</span></td>
									</tr>
								</tbody>
							</table>
						</div>
					</div>
				</li>
				<li class='category displayed active'>
					<div class='category-heading'>
						<span class='category-name'>@FeatureAssignment</span>
						<span class='category-status right'>
							<span class='label fail'>2</span>
						</span>
					</div>
					<div class='category-content hide'>
						<div class='category-status-counts'>
							
							<span class='label red lighten-1 white-text'>Failed: 2</span>
							
						</div>
					
						<div class='category-tests'>
							<table class='bordered table-results'>
								<thead>
									<tr>
										<th>Timestamp</th>
										<th>TestName</th>
										<th>Status</th>
									</tr>
								</thead>
								<tbody>
									<tr>
										<td>Jul 24, 2017 03:46:40 PM</td>
										<td class='linked' test-id='32'>Assigning Users to Projects</td>
										<td><span class='test-status fail'>fail</span></td>
									</tr>
									<tr>
										<td>Jul 24, 2017 03:46:40 PM</td>
										<td class='linked' test-id='34'>Assigning Users to Projects.Create Users and assign them to project.Create Users and assign them to project</td>
										<td><span class='test-status fail'>fail</span></td>
									</tr>
								</tbody>
							</table>
						</div>
					</div>
				</li>
				<li class='category displayed active'>
					<div class='category-heading'>
						<span class='category-name'>@ProjectAssignment</span>
						<span class='category-status right'>
							<span class='label fail'>1</span>
						</span>
					</div>
					<div class='category-content hide'>
						<div class='category-status-counts'>
							
							<span class='label red lighten-1 white-text'>Failed: 1</span>
							
						</div>
					
						<div class='category-tests'>
							<table class='bordered table-results'>
								<thead>
									<tr>
										<th>Timestamp</th>
										<th>TestName</th>
										<th>Status</th>
									</tr>
								</thead>
								<tbody>
									<tr>
										<td>Jul 24, 2017 03:46:40 PM</td>
										<td class='linked' test-id='34'>Assigning Users to Projects.Create Users and assign them to project.Create Users and assign them to project</td>
										<td><span class='test-status fail'>fail</span></td>
									</tr>
								</tbody>
							</table>
						</div>
					</div>
				</li>
				<li class='category displayed active'>
					<div class='category-heading'>
						<span class='category-name'>@CRUDDepartments</span>
						<span class='category-status right'>
							<span class='label fail'>1</span>
						</span>
					</div>
					<div class='category-content hide'>
						<div class='category-status-counts'>
							
							<span class='label red lighten-1 white-text'>Failed: 1</span>
							
						</div>
					
						<div class='category-tests'>
							<table class='bordered table-results'>
								<thead>
									<tr>
										<th>Timestamp</th>
										<th>TestName</th>
										<th>Status</th>
									</tr>
								</thead>
								<tbody>
									<tr>
										<td>Jul 24, 2017 03:47:57 PM</td>
										<td class='linked' test-id='60'>Create, Update, Delete Departments.Create Update Delete Departments.Create Update Delete Departments</td>
										<td><span class='test-status fail'>fail</span></td>
									</tr>
								</tbody>
							</table>
						</div>
					</div>
				</li>
				<li class='category displayed active'>
					<div class='category-heading'>
						<span class='category-name'>@ClientManagement</span>
						<span class='category-status right'>
							<span class='label fail'>1</span>
						</span>
					</div>
					<div class='category-content hide'>
						<div class='category-status-counts'>
							
							<span class='label red lighten-1 white-text'>Failed: 1</span>
							
						</div>
					
						<div class='category-tests'>
							<table class='bordered table-results'>
								<thead>
									<tr>
										<th>Timestamp</th>
										<th>TestName</th>
										<th>Status</th>
									</tr>
								</thead>
								<tbody>
									<tr>
										<td>Jul 24, 2017 03:47:57 PM</td>
										<td class='linked' test-id='74'>Client Management.Client - Add, Search, Delete.Client - Add, Search, Delete</td>
										<td><span class='test-status fail'>fail</span></td>
									</tr>
								</tbody>
							</table>
						</div>
					</div>
				</li>
				<li class='category displayed active'>
					<div class='category-heading'>
						<span class='category-name'>@FeatureLockedPeriodsManagement</span>
						<span class='category-status right'>
							<span class='label fail'>2</span>
						</span>
					</div>
					<div class='category-content hide'>
						<div class='category-status-counts'>
							
							<span class='label red lighten-1 white-text'>Failed: 2</span>
							
						</div>
					
						<div class='category-tests'>
							<table class='bordered table-results'>
								<thead>
									<tr>
										<th>Timestamp</th>
										<th>TestName</th>
										<th>Status</th>
									</tr>
								</thead>
								<tbody>
									<tr>
										<td>Jul 24, 2017 03:47:57 PM</td>
										<td class='linked' test-id='89'>Locked Period Management</td>
										<td><span class='test-status fail'>fail</span></td>
									</tr>
									<tr>
										<td>Jul 24, 2017 03:47:57 PM</td>
										<td class='linked' test-id='91'>Locked Period Management.Verify that locked period causes the timesheet to be locked for the given period..Verify that locked period causes the timesheet to be locked for the given period.</td>
										<td><span class='test-status fail'>fail</span></td>
									</tr>
								</tbody>
							</table>
						</div>
					</div>
				</li>
				<li class='category displayed active'>
					<div class='category-heading'>
						<span class='category-name'>@ScenarioLockedPeriodsManagement</span>
						<span class='category-status right'>
							<span class='label fail'>1</span>
						</span>
					</div>
					<div class='category-content hide'>
						<div class='category-status-counts'>
							
							<span class='label red lighten-1 white-text'>Failed: 1</span>
							
						</div>
					
						<div class='category-tests'>
							<table class='bordered table-results'>
								<thead>
									<tr>
										<th>Timestamp</th>
										<th>TestName</th>
										<th>Status</th>
									</tr>
								</thead>
								<tbody>
									<tr>
										<td>Jul 24, 2017 03:47:57 PM</td>
										<td class='linked' test-id='91'>Locked Period Management.Verify that locked period causes the timesheet to be locked for the given period..Verify that locked period causes the timesheet to be locked for the given period.</td>
										<td><span class='test-status fail'>fail</span></td>
									</tr>
								</tbody>
							</table>
						</div>
					</div>
				</li>
				<li class='category displayed active'>
					<div class='category-heading'>
						<span class='category-name'>@ProjectManagement</span>
						<span class='category-status right'>
							<span class='label fail'>1</span>
						</span>
					</div>
					<div class='category-content hide'>
						<div class='category-status-counts'>
							
							<span class='label red lighten-1 white-text'>Failed: 1</span>
							
						</div>
					
						<div class='category-tests'>
							<table class='bordered table-results'>
								<thead>
									<tr>
										<th>Timestamp</th>
										<th>TestName</th>
										<th>Status</th>
									</tr>
								</thead>
								<tbody>
									<tr>
										<td>Jul 24, 2017 03:47:57 PM</td>
										<td class='linked' test-id='118'>Project Management Feature.Project Management.Project Management</td>
										<td><span class='test-status fail'>fail</span></td>
									</tr>
								</tbody>
							</table>
						</div>
					</div>
				</li>
				<li class='category displayed active'>
					<div class='category-heading'>
						<span class='category-name'>@UserManagementFeature</span>
						<span class='category-status right'>
							<span class='label fail'>4</span>
						</span>
					</div>
					<div class='category-content hide'>
						<div class='category-status-counts'>
							
							<span class='label red lighten-1 white-text'>Failed: 4</span>
							
						</div>
					
						<div class='category-tests'>
							<table class='bordered table-results'>
								<thead>
									<tr>
										<th>Timestamp</th>
										<th>TestName</th>
										<th>Status</th>
									</tr>
								</thead>
								<tbody>
									<tr>
										<td>Jul 24, 2017 03:47:57 PM</td>
										<td class='linked' test-id='129'>User Management Feature</td>
										<td><span class='test-status fail'>fail</span></td>
									</tr>
									<tr>
										<td>Jul 24, 2017 03:47:57 PM</td>
										<td class='linked' test-id='131'>User Management Feature.Create Users.Create Users</td>
										<td><span class='test-status fail'>fail</span></td>
									</tr>
									<tr>
										<td>Jul 24, 2017 03:47:57 PM</td>
										<td class='linked' test-id='136'>User Management Feature.Create and Delete User.Create and Delete User</td>
										<td><span class='test-status fail'>fail</span></td>
									</tr>
									<tr>
										<td>Jul 24, 2017 03:47:57 PM</td>
										<td class='linked' test-id='158'>User Management Feature.Edit User.Edit User</td>
										<td><span class='test-status fail'>fail</span></td>
									</tr>
								</tbody>
							</table>
						</div>
					</div>
				</li>
				<li class='category displayed active'>
					<div class='category-heading'>
						<span class='category-name'>@CreateUsers</span>
						<span class='category-status right'>
							<span class='label fail'>1</span>
						</span>
					</div>
					<div class='category-content hide'>
						<div class='category-status-counts'>
							
							<span class='label red lighten-1 white-text'>Failed: 1</span>
							
						</div>
					
						<div class='category-tests'>
							<table class='bordered table-results'>
								<thead>
									<tr>
										<th>Timestamp</th>
										<th>TestName</th>
										<th>Status</th>
									</tr>
								</thead>
								<tbody>
									<tr>
										<td>Jul 24, 2017 03:47:57 PM</td>
										<td class='linked' test-id='131'>User Management Feature.Create Users.Create Users</td>
										<td><span class='test-status fail'>fail</span></td>
									</tr>
								</tbody>
							</table>
						</div>
					</div>
				</li>
				<li class='category displayed active'>
					<div class='category-heading'>
						<span class='category-name'>@CreateDeleteUser</span>
						<span class='category-status right'>
							<span class='label fail'>1</span>
						</span>
					</div>
					<div class='category-content hide'>
						<div class='category-status-counts'>
							
							<span class='label red lighten-1 white-text'>Failed: 1</span>
							
						</div>
					
						<div class='category-tests'>
							<table class='bordered table-results'>
								<thead>
									<tr>
										<th>Timestamp</th>
										<th>TestName</th>
										<th>Status</th>
									</tr>
								</thead>
								<tbody>
									<tr>
										<td>Jul 24, 2017 03:47:57 PM</td>
										<td class='linked' test-id='136'>User Management Feature.Create and Delete User.Create and Delete User</td>
										<td><span class='test-status fail'>fail</span></td>
									</tr>
								</tbody>
							</table>
						</div>
					</div>
				</li>
				<li class='category displayed active'>
					<div class='category-heading'>
						<span class='category-name'>@EditUser</span>
						<span class='category-status right'>
							<span class='label fail'>1</span>
						</span>
					</div>
					<div class='category-content hide'>
						<div class='category-status-counts'>
							
							<span class='label red lighten-1 white-text'>Failed: 1</span>
							
						</div>
					
						<div class='category-tests'>
							<table class='bordered table-results'>
								<thead>
									<tr>
										<th>Timestamp</th>
										<th>TestName</th>
										<th>Status</th>
									</tr>
								</thead>
								<tbody>
									<tr>
										<td>Jul 24, 2017 03:47:57 PM</td>
										<td class='linked' test-id='158'>User Management Feature.Edit User.Edit User</td>
										<td><span class='test-status fail'>fail</span></td>
									</tr>
								</tbody>
							</table>
						</div>
					</div>
				</li>
				<li class='category displayed active'>
					<div class='category-heading'>
						<span class='category-name'>@FeatureSingleSignOn</span>
						<span class='category-status right'>
							<span class='label fail'>3</span>
						</span>
					</div>
					<div class='category-content hide'>
						<div class='category-status-counts'>
							
							<span class='label red lighten-1 white-text'>Failed: 3</span>
							
						</div>
					
						<div class='category-tests'>
							<table class='bordered table-results'>
								<thead>
									<tr>
										<th>Timestamp</th>
										<th>TestName</th>
										<th>Status</th>
									</tr>
								</thead>
								<tbody>
									<tr>
										<td>Jul 24, 2017 03:47:57 PM</td>
										<td class='linked' test-id='168'>Single SignOn</td>
										<td><span class='test-status fail'>fail</span></td>
									</tr>
									<tr>
										<td>Jul 24, 2017 03:47:57 PM</td>
										<td class='linked' test-id='170'>Single SignOn.Verify the Single Sign On is working for Google+ through e-hour.Verify the Single Sign On is working for Google+ through e-hour</td>
										<td><span class='test-status fail'>fail</span></td>
									</tr>
									<tr>
										<td>Jul 24, 2017 03:47:57 PM</td>
										<td class='linked' test-id='180'>Single SignOn.Verify the Single Sign On for Inactive user.Verify the Single Sign On for Inactive user</td>
										<td><span class='test-status fail'>fail</span></td>
									</tr>
								</tbody>
							</table>
						</div>
					</div>
				</li>
				<li class='category displayed active'>
					<div class='category-heading'>
						<span class='category-name'>@ScenarioSingleSignOn</span>
						<span class='category-status right'>
							<span class='label fail'>1</span>
						</span>
					</div>
					<div class='category-content hide'>
						<div class='category-status-counts'>
							
							<span class='label red lighten-1 white-text'>Failed: 1</span>
							
						</div>
					
						<div class='category-tests'>
							<table class='bordered table-results'>
								<thead>
									<tr>
										<th>Timestamp</th>
										<th>TestName</th>
										<th>Status</th>
									</tr>
								</thead>
								<tbody>
									<tr>
										<td>Jul 24, 2017 03:47:57 PM</td>
										<td class='linked' test-id='170'>Single SignOn.Verify the Single Sign On is working for Google+ through e-hour.Verify the Single Sign On is working for Google+ through e-hour</td>
										<td><span class='test-status fail'>fail</span></td>
									</tr>
								</tbody>
							</table>
						</div>
					</div>
				</li>
				<li class='category displayed active'>
					<div class='category-heading'>
						<span class='category-name'>@ScenarioInactiveUserSingleSignOn</span>
						<span class='category-status right'>
							<span class='label fail'>1</span>
						</span>
					</div>
					<div class='category-content hide'>
						<div class='category-status-counts'>
							
							<span class='label red lighten-1 white-text'>Failed: 1</span>
							
						</div>
					
						<div class='category-tests'>
							<table class='bordered table-results'>
								<thead>
									<tr>
										<th>Timestamp</th>
										<th>TestName</th>
										<th>Status</th>
									</tr>
								</thead>
								<tbody>
									<tr>
										<td>Jul 24, 2017 03:47:57 PM</td>
										<td class='linked' test-id='180'>Single SignOn.Verify the Single Sign On for Inactive user.Verify the Single Sign On for Inactive user</td>
										<td><span class='test-status fail'>fail</span></td>
									</tr>
								</tbody>
							</table>
						</div>
					</div>
				</li>

			</ul>
		</div>
	</div>

	<div class='subview-right left'>
		<div class='view-summary'>
			<h5 class='category-name'></h5>
		</div>
	</div>
</div>
<!-- category view -->
<div id='exception-view' class='view hide'>

    <section id='controls'>
        <div class='controls grey lighten-4'>
            <!-- search -->
            <div class='chip transparent' alt='Search Tests' title='Search Tests'>
                <a href="#" class='search-div'>
                    <i class='material-icons'>search</i> Search
                </a>

                <div class='input-field left hide'>
                    <input id='search-tests' type='text' class='validate browser-default' placeholder='Search Tests...'>
                </div>

            </div>
            <!-- search -->
        </div>
    </section>

    <div class='subview-left left'>

        <div class='view-summary'>
            <h5>Exceptions</h3>
                <ul id='exception-collection' class='exception-collection'>

                        <li class='exception displayed active'>
                            <div class='exception-heading'>
                                <span class='exception-name'>org.openqa.selenium.NoSuchElementException</span>
                                <span class='exception-count right'><span class='label red lighten-1 white-text'>1</span></span>
                            </div>
                            <div class='exception-content hide'>
                                <div class='exception-tests'>
                                    <table class='bordered table-results'>
                                        <thead>
                                        <tr>
                                            <th>Timestamp</th>
                                            <th>TestName</th>
                                            <th>Status</th>
                                        </tr>
                                        </thead>
                                        <tbody>
                                                    <tr>
                                                        <td>Jul 24, 2017 03:44:35 PM</td>
                                                        <td class='linked' test-id='9'>Assign To Project After Save.Assign To Project After Save.Assign To Project After Save.When I add a new user with the following details if non exist</td>
                                                        <td><pre><pre>org.openqa.selenium.NoSuchElementException: Cannot locate element with text: Hydrabad
For documentation on this error, please visit: http://seleniumhq.org/exceptions/no_such_element.html
Build info: version: '3.4.0', revision: 'unknown', time: 'unknown'
System info: host: 'Malav.local', ip: 'fe80:0:0:0:1c55:2c90:32ee:4cdb%en0', os.name: 'Mac OS X', os.arch: 'x86_64', os.version: '10.12.3', java.version: '1.8.0_121'
Driver info: driver.version: unknown
	at org.openqa.selenium.support.ui.Select.selectByVisibleText(Select.java:151)
	at PageObjects.Base.SelectByVisibleText(Base.java:326)
	at PageObjects.Page_UserManagement.CreateUserAssignProject(Page_UserManagement.java:316)
	at stepDefinition.Steps_UserManagement.i_add_a_new_user_with_the_following_details_if_non_exist(Steps_UserManagement.java:54)
	at ✽.When I add a new user with the following details if non exist(Feature_AssignTo_Project_After_Save.feature:10)
</pre></pre></td>
                                                    </tr>
                                        </tbody>
                                    </table>
                                </div>
                            </div>
                        </li>
                        <li class='exception displayed active'>
                            <div class='exception-heading'>
                                <span class='exception-name'>org.openqa.selenium.WebDriverException</span>
                                <span class='exception-count right'><span class='label red lighten-1 white-text'>10</span></span>
                            </div>
                            <div class='exception-content hide'>
                                <div class='exception-tests'>
                                    <table class='bordered table-results'>
                                        <thead>
                                        <tr>
                                            <th>Timestamp</th>
                                            <th>TestName</th>
                                            <th>Status</th>
                                        </tr>
                                        </thead>
                                        <tbody>
                                                    <tr>
                                                        <td>Jul 24, 2017 03:47:57 PM</td>
                                                        <td class='linked' test-id='36'>Assigning Users to Projects.Create Users and assign them to project.Create Users and assign them to project.When I enter valid "admin" and "admin"</td>
                                                        <td><pre><pre>org.openqa.selenium.WebDriverException: chrome not reachable
  (Session info: headless chrome=59.0.3071.115)
  (Driver info: chromedriver=2.29.461585 (0be2cd95f834e9ee7c46bcc7cf405b483f5ae83b),platform=Mac OS X 10.12.3 x86_64) (WARNING: The server did not provide any stacktrace information)
Command duration or timeout: 5 milliseconds
Build info: version: '3.4.0', revision: 'unknown', time: 'unknown'
System info: host: 'Malav.local', ip: 'fe80:0:0:0:1c55:2c90:32ee:4cdb%en0', os.name: 'Mac OS X', os.arch: 'x86_64', os.version: '10.12.3', java.version: '1.8.0_121'
Driver info: org.openqa.selenium.chrome.ChromeDriver
Capabilities [{applicationCacheEnabled=false, rotatable=false, mobileEmulationEnabled=false, networkConnectionEnabled=false, chrome={chromedriverVersion=2.29.461585 (0be2cd95f834e9ee7c46bcc7cf405b483f5ae83b), userDataDir=/var/folders/l8/b9lpsxmd6sqghzg1l43rl32c0000gp/T/.org.chromium.Chromium.CAq5D0}, takesHeapSnapshot=true, pageLoadStrategy=normal, databaseEnabled=false, handlesAlerts=true, hasTouchScreen=false, version=59.0.3071.115, platform=MAC, browserConnectionEnabled=false, nativeEvents=true, acceptSslCerts=true, locationContextEnabled=true, webStorageEnabled=true, browserName=chrome, takesScreenshot=true, javascriptEnabled=true, cssSelectorsEnabled=true, unexpectedAlertBehaviour=}]
Session ID: 7311720b6952630a68c910d68dbc0736
*** Element info: {Using=name, value=username}
	at sun.reflect.NativeConstructorAccessorImpl.newInstance0(Native Method)
	at sun.reflect.NativeConstructorAccessorImpl.newInstance(NativeConstructorAccessorImpl.java:62)
	at sun.reflect.DelegatingConstructorAccessorImpl.newInstance(DelegatingConstructorAccessorImpl.java:45)
	at java.lang.reflect.Constructor.newInstance(Constructor.java:423)
	at org.openqa.selenium.remote.ErrorHandler.createThrowable(ErrorHandler.java:215)
	at org.openqa.selenium.remote.ErrorHandler.throwIfResponseFailed(ErrorHandler.java:167)
	at org.openqa.selenium.remote.RemoteWebDriver.execute(RemoteWebDriver.java:671)
	at org.openqa.selenium.remote.RemoteWebDriver.findElement(RemoteWebDriver.java:410)
	at org.openqa.selenium.remote.RemoteWebDriver.findElementByName(RemoteWebDriver.java:485)
	at org.openqa.selenium.By$ByName.findElement(By.java:303)
	at org.openqa.selenium.remote.RemoteWebDriver.findElement(RemoteWebDriver.java:402)
	at PageObjects.Page_Login.getUserName(Page_Login.java:29)
	at PageObjects.Page_Login.Login(Page_Login.java:43)
	at stepDefinition.Steps_Login.Login(Steps_Login.java:28)
	at ✽.When I enter valid "admin" and "admin"(Feature_Assignment.feature:7)
</pre></pre></td>
                                                    </tr>
                                                    <tr>
                                                        <td>Jul 24, 2017 03:47:57 PM</td>
                                                        <td class='linked' test-id='61'>Create, Update, Delete Departments.Create Update Delete Departments.Create Update Delete Departments.Given Open "chrome" and start application</td>
                                                        <td><pre><pre>org.openqa.selenium.WebDriverException: chrome not reachable
  (Session info: headless chrome=59.0.3071.115)
  (Driver info: chromedriver=2.29.461585 (0be2cd95f834e9ee7c46bcc7cf405b483f5ae83b),platform=Mac OS X 10.12.3 x86_64) (WARNING: The server did not provide any stacktrace information)
Command duration or timeout: 2 milliseconds
Build info: version: '3.4.0', revision: 'unknown', time: 'unknown'
System info: host: 'Malav.local', ip: 'fe80:0:0:0:1c55:2c90:32ee:4cdb%en0', os.name: 'Mac OS X', os.arch: 'x86_64', os.version: '10.12.3', java.version: '1.8.0_121'
Driver info: org.openqa.selenium.chrome.ChromeDriver
Capabilities [{applicationCacheEnabled=false, rotatable=false, mobileEmulationEnabled=false, networkConnectionEnabled=false, chrome={chromedriverVersion=2.29.461585 (0be2cd95f834e9ee7c46bcc7cf405b483f5ae83b), userDataDir=/var/folders/l8/b9lpsxmd6sqghzg1l43rl32c0000gp/T/.org.chromium.Chromium.CAq5D0}, takesHeapSnapshot=true, pageLoadStrategy=normal, databaseEnabled=false, handlesAlerts=true, hasTouchScreen=false, version=59.0.3071.115, platform=MAC, browserConnectionEnabled=false, nativeEvents=true, acceptSslCerts=true, locationContextEnabled=true, webStorageEnabled=true, browserName=chrome, takesScreenshot=true, javascriptEnabled=true, cssSelectorsEnabled=true, unexpectedAlertBehaviour=}]
Session ID: 7311720b6952630a68c910d68dbc0736
	at sun.reflect.NativeConstructorAccessorImpl.newInstance0(Native Method)
	at sun.reflect.NativeConstructorAccessorImpl.newInstance(NativeConstructorAccessorImpl.java:62)
	at sun.reflect.DelegatingConstructorAccessorImpl.newInstance(DelegatingConstructorAccessorImpl.java:45)
	at java.lang.reflect.Constructor.newInstance(Constructor.java:423)
	at org.openqa.selenium.remote.ErrorHandler.createThrowable(ErrorHandler.java:215)
	at org.openqa.selenium.remote.ErrorHandler.throwIfResponseFailed(ErrorHandler.java:167)
	at org.openqa.selenium.remote.RemoteWebDriver.execute(RemoteWebDriver.java:671)
	at org.openqa.selenium.remote.RemoteWebDriver.get(RemoteWebDriver.java:364)
	at PageObjects.Page_Login.NavigateTo(Page_Login.java:24)
	at stepDefinition.Steps_Login.OpenWebPageInBrowser(Steps_Login.java:22)
	at ✽.Given Open "chrome" and start application(Feature_Departments.feature:6)
</pre></pre></td>
                                                    </tr>
                                                    <tr>
                                                        <td>Jul 24, 2017 03:47:57 PM</td>
                                                        <td class='linked' test-id='75'>Client Management.Client - Add, Search, Delete.Client - Add, Search, Delete.Given Open "chrome" and start application</td>
                                                        <td><pre><pre>org.openqa.selenium.WebDriverException: chrome not reachable
  (Session info: headless chrome=59.0.3071.115)
  (Driver info: chromedriver=2.29.461585 (0be2cd95f834e9ee7c46bcc7cf405b483f5ae83b),platform=Mac OS X 10.12.3 x86_64) (WARNING: The server did not provide any stacktrace information)
Command duration or timeout: 3 milliseconds
Build info: version: '3.4.0', revision: 'unknown', time: 'unknown'
System info: host: 'Malav.local', ip: 'fe80:0:0:0:1c55:2c90:32ee:4cdb%en0', os.name: 'Mac OS X', os.arch: 'x86_64', os.version: '10.12.3', java.version: '1.8.0_121'
Driver info: org.openqa.selenium.chrome.ChromeDriver
Capabilities [{applicationCacheEnabled=false, rotatable=false, mobileEmulationEnabled=false, networkConnectionEnabled=false, chrome={chromedriverVersion=2.29.461585 (0be2cd95f834e9ee7c46bcc7cf405b483f5ae83b), userDataDir=/var/folders/l8/b9lpsxmd6sqghzg1l43rl32c0000gp/T/.org.chromium.Chromium.CAq5D0}, takesHeapSnapshot=true, pageLoadStrategy=normal, databaseEnabled=false, handlesAlerts=true, hasTouchScreen=false, version=59.0.3071.115, platform=MAC, browserConnectionEnabled=false, nativeEvents=true, acceptSslCerts=true, locationContextEnabled=true, webStorageEnabled=true, browserName=chrome, takesScreenshot=true, javascriptEnabled=true, cssSelectorsEnabled=true, unexpectedAlertBehaviour=}]
Session ID: 7311720b6952630a68c910d68dbc0736
	at sun.reflect.NativeConstructorAccessorImpl.newInstance0(Native Method)
	at sun.reflect.NativeConstructorAccessorImpl.newInstance(NativeConstructorAccessorImpl.java:62)
	at sun.reflect.DelegatingConstructorAccessorImpl.newInstance(DelegatingConstructorAccessorImpl.java:45)
	at java.lang.reflect.Constructor.newInstance(Constructor.java:423)
	at org.openqa.selenium.remote.ErrorHandler.createThrowable(ErrorHandler.java:215)
	at org.openqa.selenium.remote.ErrorHandler.throwIfResponseFailed(ErrorHandler.java:167)
	at org.openqa.selenium.remote.RemoteWebDriver.execute(RemoteWebDriver.java:671)
	at org.openqa.selenium.remote.RemoteWebDriver.get(RemoteWebDriver.java:364)
	at PageObjects.Page_Login.NavigateTo(Page_Login.java:24)
	at stepDefinition.Steps_Login.OpenWebPageInBrowser(Steps_Login.java:22)
	at ✽.Given Open "chrome" and start application(Feature_ManageClients.feature:6)
</pre></pre></td>
                                                    </tr>
                                                    <tr>
                                                        <td>Jul 24, 2017 03:47:57 PM</td>
                                                        <td class='linked' test-id='92'>Locked Period Management.Verify that locked period causes the timesheet to be locked for the given period..Verify that locked period causes the timesheet to be locked for the given period..Given Open "chrome" and start application</td>
                                                        <td><pre><pre>org.openqa.selenium.WebDriverException: chrome not reachable
  (Session info: headless chrome=59.0.3071.115)
  (Driver info: chromedriver=2.29.461585 (0be2cd95f834e9ee7c46bcc7cf405b483f5ae83b),platform=Mac OS X 10.12.3 x86_64) (WARNING: The server did not provide any stacktrace information)
Command duration or timeout: 3 milliseconds
Build info: version: '3.4.0', revision: 'unknown', time: 'unknown'
System info: host: 'Malav.local', ip: 'fe80:0:0:0:1c55:2c90:32ee:4cdb%en0', os.name: 'Mac OS X', os.arch: 'x86_64', os.version: '10.12.3', java.version: '1.8.0_121'
Driver info: org.openqa.selenium.chrome.ChromeDriver
Capabilities [{applicationCacheEnabled=false, rotatable=false, mobileEmulationEnabled=false, networkConnectionEnabled=false, chrome={chromedriverVersion=2.29.461585 (0be2cd95f834e9ee7c46bcc7cf405b483f5ae83b), userDataDir=/var/folders/l8/b9lpsxmd6sqghzg1l43rl32c0000gp/T/.org.chromium.Chromium.CAq5D0}, takesHeapSnapshot=true, pageLoadStrategy=normal, databaseEnabled=false, handlesAlerts=true, hasTouchScreen=false, version=59.0.3071.115, platform=MAC, browserConnectionEnabled=false, nativeEvents=true, acceptSslCerts=true, locationContextEnabled=true, webStorageEnabled=true, browserName=chrome, takesScreenshot=true, javascriptEnabled=true, cssSelectorsEnabled=true, unexpectedAlertBehaviour=}]
Session ID: 7311720b6952630a68c910d68dbc0736
	at sun.reflect.NativeConstructorAccessorImpl.newInstance0(Native Method)
	at sun.reflect.NativeConstructorAccessorImpl.newInstance(NativeConstructorAccessorImpl.java:62)
	at sun.reflect.DelegatingConstructorAccessorImpl.newInstance(DelegatingConstructorAccessorImpl.java:45)
	at java.lang.reflect.Constructor.newInstance(Constructor.java:423)
	at org.openqa.selenium.remote.ErrorHandler.createThrowable(ErrorHandler.java:215)
	at org.openqa.selenium.remote.ErrorHandler.throwIfResponseFailed(ErrorHandler.java:167)
	at org.openqa.selenium.remote.RemoteWebDriver.execute(RemoteWebDriver.java:671)
	at org.openqa.selenium.remote.RemoteWebDriver.get(RemoteWebDriver.java:364)
	at PageObjects.Page_Login.NavigateTo(Page_Login.java:24)
	at stepDefinition.Steps_Login.OpenWebPageInBrowser(Steps_Login.java:22)
	at ✽.Given Open "chrome" and start application(Feature_ManageLockedPeriods.feature:8)
</pre></pre></td>
                                                    </tr>
                                                    <tr>
                                                        <td>Jul 24, 2017 03:47:57 PM</td>
                                                        <td class='linked' test-id='119'>Project Management Feature.Project Management.Project Management.Given Open "chrome" and start application</td>
                                                        <td><pre><pre>org.openqa.selenium.WebDriverException: chrome not reachable
  (Session info: headless chrome=59.0.3071.115)
  (Driver info: chromedriver=2.29.461585 (0be2cd95f834e9ee7c46bcc7cf405b483f5ae83b),platform=Mac OS X 10.12.3 x86_64) (WARNING: The server did not provide any stacktrace information)
Command duration or timeout: 4 milliseconds
Build info: version: '3.4.0', revision: 'unknown', time: 'unknown'
System info: host: 'Malav.local', ip: 'fe80:0:0:0:1c55:2c90:32ee:4cdb%en0', os.name: 'Mac OS X', os.arch: 'x86_64', os.version: '10.12.3', java.version: '1.8.0_121'
Driver info: org.openqa.selenium.chrome.ChromeDriver
Capabilities [{applicationCacheEnabled=false, rotatable=false, mobileEmulationEnabled=false, networkConnectionEnabled=false, chrome={chromedriverVersion=2.29.461585 (0be2cd95f834e9ee7c46bcc7cf405b483f5ae83b), userDataDir=/var/folders/l8/b9lpsxmd6sqghzg1l43rl32c0000gp/T/.org.chromium.Chromium.CAq5D0}, takesHeapSnapshot=true, pageLoadStrategy=normal, databaseEnabled=false, handlesAlerts=true, hasTouchScreen=false, version=59.0.3071.115, platform=MAC, browserConnectionEnabled=false, nativeEvents=true, acceptSslCerts=true, locationContextEnabled=true, webStorageEnabled=true, browserName=chrome, takesScreenshot=true, javascriptEnabled=true, cssSelectorsEnabled=true, unexpectedAlertBehaviour=}]
Session ID: 7311720b6952630a68c910d68dbc0736
	at sun.reflect.NativeConstructorAccessorImpl.newInstance0(Native Method)
	at sun.reflect.NativeConstructorAccessorImpl.newInstance(NativeConstructorAccessorImpl.java:62)
	at sun.reflect.DelegatingConstructorAccessorImpl.newInstance(DelegatingConstructorAccessorImpl.java:45)
	at java.lang.reflect.Constructor.newInstance(Constructor.java:423)
	at org.openqa.selenium.remote.ErrorHandler.createThrowable(ErrorHandler.java:215)
	at org.openqa.selenium.remote.ErrorHandler.throwIfResponseFailed(ErrorHandler.java:167)
	at org.openqa.selenium.remote.RemoteWebDriver.execute(RemoteWebDriver.java:671)
	at org.openqa.selenium.remote.RemoteWebDriver.get(RemoteWebDriver.java:364)
	at PageObjects.Page_Login.NavigateTo(Page_Login.java:24)
	at stepDefinition.Steps_Login.OpenWebPageInBrowser(Steps_Login.java:22)
	at ✽.Given Open "chrome" and start application(Feature_ManageProjects.feature:8)
</pre></pre></td>
                                                    </tr>
                                                    <tr>
                                                        <td>Jul 24, 2017 03:47:57 PM</td>
                                                        <td class='linked' test-id='132'>User Management Feature.Create Users.Create Users.Given Open "chrome" and start application</td>
                                                        <td><pre><pre>org.openqa.selenium.WebDriverException: chrome not reachable
  (Session info: headless chrome=59.0.3071.115)
  (Driver info: chromedriver=2.29.461585 (0be2cd95f834e9ee7c46bcc7cf405b483f5ae83b),platform=Mac OS X 10.12.3 x86_64) (WARNING: The server did not provide any stacktrace information)
Command duration or timeout: 4 milliseconds
Build info: version: '3.4.0', revision: 'unknown', time: 'unknown'
System info: host: 'Malav.local', ip: 'fe80:0:0:0:1c55:2c90:32ee:4cdb%en0', os.name: 'Mac OS X', os.arch: 'x86_64', os.version: '10.12.3', java.version: '1.8.0_121'
Driver info: org.openqa.selenium.chrome.ChromeDriver
Capabilities [{applicationCacheEnabled=false, rotatable=false, mobileEmulationEnabled=false, networkConnectionEnabled=false, chrome={chromedriverVersion=2.29.461585 (0be2cd95f834e9ee7c46bcc7cf405b483f5ae83b), userDataDir=/var/folders/l8/b9lpsxmd6sqghzg1l43rl32c0000gp/T/.org.chromium.Chromium.CAq5D0}, takesHeapSnapshot=true, pageLoadStrategy=normal, databaseEnabled=false, handlesAlerts=true, hasTouchScreen=false, version=59.0.3071.115, platform=MAC, browserConnectionEnabled=false, nativeEvents=true, acceptSslCerts=true, locationContextEnabled=true, webStorageEnabled=true, browserName=chrome, takesScreenshot=true, javascriptEnabled=true, cssSelectorsEnabled=true, unexpectedAlertBehaviour=}]
Session ID: 7311720b6952630a68c910d68dbc0736
	at sun.reflect.NativeConstructorAccessorImpl.newInstance0(Native Method)
	at sun.reflect.NativeConstructorAccessorImpl.newInstance(NativeConstructorAccessorImpl.java:62)
	at sun.reflect.DelegatingConstructorAccessorImpl.newInstance(DelegatingConstructorAccessorImpl.java:45)
	at java.lang.reflect.Constructor.newInstance(Constructor.java:423)
	at org.openqa.selenium.remote.ErrorHandler.createThrowable(ErrorHandler.java:215)
	at org.openqa.selenium.remote.ErrorHandler.throwIfResponseFailed(ErrorHandler.java:167)
	at org.openqa.selenium.remote.RemoteWebDriver.execute(RemoteWebDriver.java:671)
	at org.openqa.selenium.remote.RemoteWebDriver.get(RemoteWebDriver.java:364)
	at PageObjects.Page_Login.NavigateTo(Page_Login.java:24)
	at stepDefinition.Steps_Login.OpenWebPageInBrowser(Steps_Login.java:22)
	at ✽.Given Open "chrome" and start application(Feature_ManageUsers.feature:7)
</pre></pre></td>
                                                    </tr>
                                                    <tr>
                                                        <td>Jul 24, 2017 03:47:57 PM</td>
                                                        <td class='linked' test-id='137'>User Management Feature.Create and Delete User.Create and Delete User.Given Open "chrome" and start application</td>
                                                        <td><pre><pre>org.openqa.selenium.WebDriverException: chrome not reachable
  (Session info: headless chrome=59.0.3071.115)
  (Driver info: chromedriver=2.29.461585 (0be2cd95f834e9ee7c46bcc7cf405b483f5ae83b),platform=Mac OS X 10.12.3 x86_64) (WARNING: The server did not provide any stacktrace information)
Command duration or timeout: 3 milliseconds
Build info: version: '3.4.0', revision: 'unknown', time: 'unknown'
System info: host: 'Malav.local', ip: 'fe80:0:0:0:1c55:2c90:32ee:4cdb%en0', os.name: 'Mac OS X', os.arch: 'x86_64', os.version: '10.12.3', java.version: '1.8.0_121'
Driver info: org.openqa.selenium.chrome.ChromeDriver
Capabilities [{applicationCacheEnabled=false, rotatable=false, mobileEmulationEnabled=false, networkConnectionEnabled=false, chrome={chromedriverVersion=2.29.461585 (0be2cd95f834e9ee7c46bcc7cf405b483f5ae83b), userDataDir=/var/folders/l8/b9lpsxmd6sqghzg1l43rl32c0000gp/T/.org.chromium.Chromium.CAq5D0}, takesHeapSnapshot=true, pageLoadStrategy=normal, databaseEnabled=false, handlesAlerts=true, hasTouchScreen=false, version=59.0.3071.115, platform=MAC, browserConnectionEnabled=false, nativeEvents=true, acceptSslCerts=true, locationContextEnabled=true, webStorageEnabled=true, browserName=chrome, takesScreenshot=true, javascriptEnabled=true, cssSelectorsEnabled=true, unexpectedAlertBehaviour=}]
Session ID: 7311720b6952630a68c910d68dbc0736
	at sun.reflect.NativeConstructorAccessorImpl.newInstance0(Native Method)
	at sun.reflect.NativeConstructorAccessorImpl.newInstance(NativeConstructorAccessorImpl.java:62)
	at sun.reflect.DelegatingConstructorAccessorImpl.newInstance(DelegatingConstructorAccessorImpl.java:45)
	at java.lang.reflect.Constructor.newInstance(Constructor.java:423)
	at org.openqa.selenium.remote.ErrorHandler.createThrowable(ErrorHandler.java:215)
	at org.openqa.selenium.remote.ErrorHandler.throwIfResponseFailed(ErrorHandler.java:167)
	at org.openqa.selenium.remote.RemoteWebDriver.execute(RemoteWebDriver.java:671)
	at org.openqa.selenium.remote.RemoteWebDriver.get(RemoteWebDriver.java:364)
	at PageObjects.Page_Login.NavigateTo(Page_Login.java:24)
	at stepDefinition.Steps_Login.OpenWebPageInBrowser(Steps_Login.java:22)
	at ✽.Given Open "chrome" and start application(Feature_ManageUsers.feature:39)
</pre></pre></td>
                                                    </tr>
                                                    <tr>
                                                        <td>Jul 24, 2017 03:47:57 PM</td>
                                                        <td class='linked' test-id='159'>User Management Feature.Edit User.Edit User.Given Open "chrome" and start application</td>
                                                        <td><pre><pre>org.openqa.selenium.WebDriverException: chrome not reachable
  (Session info: headless chrome=59.0.3071.115)
  (Driver info: chromedriver=2.29.461585 (0be2cd95f834e9ee7c46bcc7cf405b483f5ae83b),platform=Mac OS X 10.12.3 x86_64) (WARNING: The server did not provide any stacktrace information)
Command duration or timeout: 4 milliseconds
Build info: version: '3.4.0', revision: 'unknown', time: 'unknown'
System info: host: 'Malav.local', ip: 'fe80:0:0:0:1c55:2c90:32ee:4cdb%en0', os.name: 'Mac OS X', os.arch: 'x86_64', os.version: '10.12.3', java.version: '1.8.0_121'
Driver info: org.openqa.selenium.chrome.ChromeDriver
Capabilities [{applicationCacheEnabled=false, rotatable=false, mobileEmulationEnabled=false, networkConnectionEnabled=false, chrome={chromedriverVersion=2.29.461585 (0be2cd95f834e9ee7c46bcc7cf405b483f5ae83b), userDataDir=/var/folders/l8/b9lpsxmd6sqghzg1l43rl32c0000gp/T/.org.chromium.Chromium.CAq5D0}, takesHeapSnapshot=true, pageLoadStrategy=normal, databaseEnabled=false, handlesAlerts=true, hasTouchScreen=false, version=59.0.3071.115, platform=MAC, browserConnectionEnabled=false, nativeEvents=true, acceptSslCerts=true, locationContextEnabled=true, webStorageEnabled=true, browserName=chrome, takesScreenshot=true, javascriptEnabled=true, cssSelectorsEnabled=true, unexpectedAlertBehaviour=}]
Session ID: 7311720b6952630a68c910d68dbc0736
	at sun.reflect.NativeConstructorAccessorImpl.newInstance0(Native Method)
	at sun.reflect.NativeConstructorAccessorImpl.newInstance(NativeConstructorAccessorImpl.java:62)
	at sun.reflect.DelegatingConstructorAccessorImpl.newInstance(DelegatingConstructorAccessorImpl.java:45)
	at java.lang.reflect.Constructor.newInstance(Constructor.java:423)
	at org.openqa.selenium.remote.ErrorHandler.createThrowable(ErrorHandler.java:215)
	at org.openqa.selenium.remote.ErrorHandler.throwIfResponseFailed(ErrorHandler.java:167)
	at org.openqa.selenium.remote.RemoteWebDriver.execute(RemoteWebDriver.java:671)
	at org.openqa.selenium.remote.RemoteWebDriver.get(RemoteWebDriver.java:364)
	at PageObjects.Page_Login.NavigateTo(Page_Login.java:24)
	at stepDefinition.Steps_Login.OpenWebPageInBrowser(Steps_Login.java:22)
	at ✽.Given Open "chrome" and start application(Feature_ManageUsers.feature:99)
</pre></pre></td>
                                                    </tr>
                                                    <tr>
                                                        <td>Jul 24, 2017 03:47:57 PM</td>
                                                        <td class='linked' test-id='171'>Single SignOn.Verify the Single Sign On is working for Google+ through e-hour.Verify the Single Sign On is working for Google+ through e-hour.Given Open "chrome" and launch google</td>
                                                        <td><pre><pre>org.openqa.selenium.WebDriverException: chrome not reachable
  (Session info: headless chrome=59.0.3071.115)
  (Driver info: chromedriver=2.29.461585 (0be2cd95f834e9ee7c46bcc7cf405b483f5ae83b),platform=Mac OS X 10.12.3 x86_64) (WARNING: The server did not provide any stacktrace information)
Command duration or timeout: 3 milliseconds
Build info: version: '3.4.0', revision: 'unknown', time: 'unknown'
System info: host: 'Malav.local', ip: 'fe80:0:0:0:1c55:2c90:32ee:4cdb%en0', os.name: 'Mac OS X', os.arch: 'x86_64', os.version: '10.12.3', java.version: '1.8.0_121'
Driver info: org.openqa.selenium.chrome.ChromeDriver
Capabilities [{applicationCacheEnabled=false, rotatable=false, mobileEmulationEnabled=false, networkConnectionEnabled=false, chrome={chromedriverVersion=2.29.461585 (0be2cd95f834e9ee7c46bcc7cf405b483f5ae83b), userDataDir=/var/folders/l8/b9lpsxmd6sqghzg1l43rl32c0000gp/T/.org.chromium.Chromium.CAq5D0}, takesHeapSnapshot=true, pageLoadStrategy=normal, databaseEnabled=false, handlesAlerts=true, hasTouchScreen=false, version=59.0.3071.115, platform=MAC, browserConnectionEnabled=false, nativeEvents=true, acceptSslCerts=true, locationContextEnabled=true, webStorageEnabled=true, browserName=chrome, takesScreenshot=true, javascriptEnabled=true, cssSelectorsEnabled=true, unexpectedAlertBehaviour=}]
Session ID: 7311720b6952630a68c910d68dbc0736
	at sun.reflect.GeneratedConstructorAccessor17.newInstance(Unknown Source)
	at sun.reflect.DelegatingConstructorAccessorImpl.newInstance(DelegatingConstructorAccessorImpl.java:45)
	at java.lang.reflect.Constructor.newInstance(Constructor.java:423)
	at org.openqa.selenium.remote.ErrorHandler.createThrowable(ErrorHandler.java:215)
	at org.openqa.selenium.remote.ErrorHandler.throwIfResponseFailed(ErrorHandler.java:167)
	at org.openqa.selenium.remote.RemoteWebDriver.execute(RemoteWebDriver.java:671)
	at org.openqa.selenium.remote.RemoteWebDriver.execute(RemoteWebDriver.java:694)
	at org.openqa.selenium.remote.RemoteWebDriver$RemoteWebDriverOptions.deleteAllCookies(RemoteWebDriver.java:776)
	at PageObjects.Page_Login.NavigateToGoogle(Page_Login.java:51)
	at stepDefinition.Steps_Login.open_and_launch_google(Steps_Login.java:88)
	at ✽.Given Open "chrome" and launch google(Feature_SSO.feature:7)
</pre></pre></td>
                                                    </tr>
                                                    <tr>
                                                        <td>Jul 24, 2017 03:47:57 PM</td>
                                                        <td class='linked' test-id='181'>Single SignOn.Verify the Single Sign On for Inactive user.Verify the Single Sign On for Inactive user.Given Open "chrome" and start application</td>
                                                        <td><pre><pre>org.openqa.selenium.WebDriverException: chrome not reachable
  (Session info: headless chrome=59.0.3071.115)
  (Driver info: chromedriver=2.29.461585 (0be2cd95f834e9ee7c46bcc7cf405b483f5ae83b),platform=Mac OS X 10.12.3 x86_64) (WARNING: The server did not provide any stacktrace information)
Command duration or timeout: 3 milliseconds
Build info: version: '3.4.0', revision: 'unknown', time: 'unknown'
System info: host: 'Malav.local', ip: 'fe80:0:0:0:1c55:2c90:32ee:4cdb%en0', os.name: 'Mac OS X', os.arch: 'x86_64', os.version: '10.12.3', java.version: '1.8.0_121'
Driver info: org.openqa.selenium.chrome.ChromeDriver
Capabilities [{applicationCacheEnabled=false, rotatable=false, mobileEmulationEnabled=false, networkConnectionEnabled=false, chrome={chromedriverVersion=2.29.461585 (0be2cd95f834e9ee7c46bcc7cf405b483f5ae83b), userDataDir=/var/folders/l8/b9lpsxmd6sqghzg1l43rl32c0000gp/T/.org.chromium.Chromium.CAq5D0}, takesHeapSnapshot=true, pageLoadStrategy=normal, databaseEnabled=false, handlesAlerts=true, hasTouchScreen=false, version=59.0.3071.115, platform=MAC, browserConnectionEnabled=false, nativeEvents=true, acceptSslCerts=true, locationContextEnabled=true, webStorageEnabled=true, browserName=chrome, takesScreenshot=true, javascriptEnabled=true, cssSelectorsEnabled=true, unexpectedAlertBehaviour=}]
Session ID: 7311720b6952630a68c910d68dbc0736
	at sun.reflect.GeneratedConstructorAccessor17.newInstance(Unknown Source)
	at sun.reflect.DelegatingConstructorAccessorImpl.newInstance(DelegatingConstructorAccessorImpl.java:45)
	at java.lang.reflect.Constructor.newInstance(Constructor.java:423)
	at org.openqa.selenium.remote.ErrorHandler.createThrowable(ErrorHandler.java:215)
	at org.openqa.selenium.remote.ErrorHandler.throwIfResponseFailed(ErrorHandler.java:167)
	at org.openqa.selenium.remote.RemoteWebDriver.execute(RemoteWebDriver.java:671)
	at org.openqa.selenium.remote.RemoteWebDriver.get(RemoteWebDriver.java:364)
	at PageObjects.Page_Login.NavigateTo(Page_Login.java:24)
	at stepDefinition.Steps_Login.OpenWebPageInBrowser(Steps_Login.java:22)
	at ✽.Given Open "chrome" and start application(Feature_SSO.feature:46)
</pre></pre></td>
                                                    </tr>
                                        </tbody>
                                    </table>
                                </div>
                            </div>
                        </li>
                </ul>
        </div>
    </div>

    <div class='subview-right left'>
        <div class='view-summary'>
            <h5 class='exception-name'></h5>
        </div>
    </div>
</div>
<!-- exception view -->
<div id='dashboard-view' class='view hide'>
	<div class='card-panel transparent np-v'>
		<h5>Dashboard</h5>

		<div class='row'>
			<div class='col s2'>
				<div class='card-panel r'>
					Features
					<div class='panel-lead'>9</div>
				</div>
			</div>
			<div class='col s2'>
				<div class='card-panel r'>
					Scenarios
					<div class='panel-lead'>11</div>
				</div>
			</div>
			<div class='col s2'>
				<div class='card-panel r'>
					Steps
					<div class='panel-lead'>181</div>
				</div>
			</div>
			<div class='col s2'>
				<div class='card-panel r'>
					Start
					<div class='panel-lead'>Jul 24, 2017 03:44:20 PM</div>
				</div>
			</div>
			<div class='col s2'>
				<div class='card-panel r'>
			 		End
			 		<div class='panel-lead'>Jul 24, 2017 03:47:57 PM</div>
				</div>
			</div>
			<div class='col s2'>
				<div class='card-panel r'>
					Time Taken
					<div class='panel-lead'>217,011ms</div>
				</div>
			</div>
			<div class='col s4'>
				<div class='card-panel environment'>
					<span class='right label cyan white-text'>Environment</span><p>&nbsp;</p>
					
					<table>
						<tr>
							<th>Name</th>
							<th>Value</th>
						</tr>
							<tr>
								<td>user</td>
								<td>nisum</td>
							</tr>
							<tr>
								<td>os</td>
								<td>Mac OS X</td>
							</tr>
					</table>
				</div>
			</div>
			<div class='col s4'>
				<div class='card-panel'>
					<span class='right label cyan white-text'>Categories</span><p>&nbsp;</p>
					
					<table>
						<tr>
							<th>Name</th>
							<th>Passed</th>
							<th>Failed</th>
							<th>Others</th>
						</tr>
						<tr>
							<td>@AssignProjectAfterSave</td>
							<td>0</td>
							<td>1</td>
							<td>0</td>
						</tr>
						<tr>
							<td>@FeatureAssignment</td>
							<td>0</td>
							<td>2</td>
							<td>0</td>
						</tr>
						<tr>
							<td>@ProjectAssignment</td>
							<td>0</td>
							<td>1</td>
							<td>0</td>
						</tr>
						<tr>
							<td>@CRUDDepartments</td>
							<td>0</td>
							<td>1</td>
							<td>0</td>
						</tr>
						<tr>
							<td>@ClientManagement</td>
							<td>0</td>
							<td>1</td>
							<td>0</td>
						</tr>
						<tr>
							<td>@FeatureLockedPeriodsManagement</td>
							<td>0</td>
							<td>2</td>
							<td>0</td>
						</tr>
						<tr>
							<td>@ScenarioLockedPeriodsManagement</td>
							<td>0</td>
							<td>1</td>
							<td>0</td>
						</tr>
						<tr>
							<td>@ProjectManagement</td>
							<td>0</td>
							<td>1</td>
							<td>0</td>
						</tr>
						<tr>
							<td>@UserManagementFeature</td>
							<td>0</td>
							<td>4</td>
							<td>0</td>
						</tr>
						<tr>
							<td>@CreateUsers</td>
							<td>0</td>
							<td>1</td>
							<td>0</td>
						</tr>
						<tr>
							<td>@CreateDeleteUser</td>
							<td>0</td>
							<td>1</td>
							<td>0</td>
						</tr>
						<tr>
							<td>@EditUser</td>
							<td>0</td>
							<td>1</td>
							<td>0</td>
						</tr>
						<tr>
							<td>@FeatureSingleSignOn</td>
							<td>0</td>
							<td>3</td>
							<td>0</td>
						</tr>
						<tr>
							<td>@ScenarioSingleSignOn</td>
							<td>0</td>
							<td>1</td>
							<td>0</td>
						</tr>
						<tr>
							<td>@ScenarioInactiveUserSingleSignOn</td>
							<td>0</td>
							<td>1</td>
							<td>0</td>
						</tr>
					</table>
				</div>
			</div>
		</div>
	</div>
</div>
<!-- dashboard view -->
<div id='testrunner-logs-view' class='view hide'>
	<div class='card-panel transparent np-v'>
		<h5>TestRunner Logs</h5>
		
		<div class='card-panel'>
				Sample test runner output message
		</div>
	</div>
</div>
<!-- testrunner-logs view -->
		</div>
		<!-- container -->

		<script>
			var statusGroup = {
				passParent: 1,
				failParent: 8,
				fatalParent: 0,
				errorParent: 0,
				warningParent: 0,
				skipParent: 0,
				exceptionsParent: 8,
				
				passChild: 0,
				failChild: 11,
				fatalChild: 0,
				errorChild: 0,
				warningChild: 0,
				skipChild: 0,
				infoChild: 0,
				exceptionsChild: 11,
				
				passGrandChild: 6,
				failGrandChild: 11,
				fatalGrandChild: 0,
				errorGrandChild: 0,
				warningGrandChild: 0,
				skipGrandChild: 164,
				infoGrandChild: 0,
				exceptionsGrandChild: 175,
			};
		</script>
		
			<script src='https://cdn.rawgit.com/anshooarora/extentreports-java/5ed7b0c339b51aa347b44ccaa2e2ff29905b2f9f/dist/js/extent.js' type='text/javascript'></script>
		
		
	</body>
	
</html>
